The target system is: Android - 1 - x86_64
The host system is: Darwin - 19.0.0 - x86_64
Determining if the C compiler works passed with the following output:
Change Dir: /Users/chaolee/AndroidStudio/KaraokePlayer/extensions/av1/.cxx/cmake/debug/x86_64/CMakeFiles/CMakeTmp

Run Build Command:"/Users/chaolee/Library/Android/sdk/cmake/3.10.2.4988404/bin/ninja" "cmTC_41a7c"
[1/2] Building C object CMakeFiles/cmTC_41a7c.dir/testCCompiler.c.o
[2/2] Linking C executable cmTC_41a7c


Detecting C compiler ABI info compiled with the following output:
Change Dir: /Users/chaolee/AndroidStudio/KaraokePlayer/extensions/av1/.cxx/cmake/debug/x86_64/CMakeFiles/CMakeTmp

Run Build Command:"/Users/chaolee/Library/Android/sdk/cmake/3.10.2.4988404/bin/ninja" "cmTC_92911"
[1/2] Building C object CMakeFiles/cmTC_92911.dir/CMakeCCompilerABI.c.o
[2/2] Linking C executable cmTC_92911
Android (5220042 based on r346389c) clang version 8.0.7 (https://android.googlesource.com/toolchain/clang b55f2d4ebfd35bf643d27dbca1bb228957008617) (https://android.googlesource.com/toolchain/llvm 3c393fe7a7e13b0fba4ac75a01aa683d7a5b11cd) (based on LLVM 8.0.7svn)
Target: x86_64-none-linux-android21
Thread model: posix
InstalledDir: /Users/chaolee/Library/Android/sdk/ndk-bundle/toolchains/llvm/prebuilt/darwin-x86_64/bin
Found candidate GCC installation: /Users/chaolee/Library/Android/sdk/ndk-bundle/toolchains/llvm/prebuilt/darwin-x86_64/lib/gcc/i686-linux-android/4.9.x
Found candidate GCC installation: /Users/chaolee/Library/Android/sdk/ndk-bundle/toolchains/llvm/prebuilt/darwin-x86_64/lib/gcc/x86_64-linux-android/4.9.x
Selected GCC installation: /Users/chaolee/Library/Android/sdk/ndk-bundle/toolchains/llvm/prebuilt/darwin-x86_64/lib/gcc/x86_64-linux-android/4.9.x
Candidate multilib: .;@m64
Selected multilib: .;@m64
 "/Users/chaolee/Library/Android/sdk/ndk-bundle/toolchains/llvm/prebuilt/darwin-x86_64/lib/gcc/x86_64-linux-android/4.9.x/../../../../x86_64-linux-android/bin/ld" --sysroot=/Users/chaolee/Library/Android/sdk/ndk-bundle/toolchains/llvm/prebuilt/darwin-x86_64/sysroot -pie -z now -z relro --hash-style=both --enable-new-dtags --eh-frame-hdr -m elf_x86_64 -dynamic-linker /system/bin/linker64 -o cmTC_92911 /Users/chaolee/Library/Android/sdk/ndk-bundle/toolchains/llvm/prebuilt/darwin-x86_64/sysroot/usr/lib/x86_64-linux-android/21/crtbegin_dynamic.o -L/Users/chaolee/Library/Android/sdk/ndk-bundle/toolchains/llvm/prebuilt/darwin-x86_64/lib64/clang/8.0.7/lib/linux/x86_64 -L/Users/chaolee/Library/Android/sdk/ndk-bundle/toolchains/llvm/prebuilt/darwin-x86_64/lib/gcc/x86_64-linux-android/4.9.x -L/Users/chaolee/Library/Android/sdk/ndk-bundle/toolchains/llvm/prebuilt/darwin-x86_64/lib/gcc/x86_64-linux-android/4.9.x/../../../../x86_64-linux-android/lib/../lib64 -L/Users/chaolee/Library/Android/sdk/ndk-bundle/toolchains/llvm/prebuilt/darwin-x86_64/sysroot/usr/lib/x86_64-linux-android/21 -L/Users/chaolee/Library/Android/sdk/ndk-bundle/toolchains/llvm/prebuilt/darwin-x86_64/sysroot/usr/lib/x86_64-linux-android -L/Users/chaolee/Library/Android/sdk/ndk-bundle/toolchains/llvm/prebuilt/darwin-x86_64/lib/gcc/x86_64-linux-android/4.9.x/../../../../x86_64-linux-android/lib -L/Users/chaolee/Library/Android/sdk/ndk-bundle/toolchains/llvm/prebuilt/darwin-x86_64/sysroot/usr/lib --exclude-libs libgcc.a --exclude-libs libatomic.a --build-id --warn-shared-textrel --fatal-warnings --no-undefined -z noexecstack --gc-sections CMakeFiles/cmTC_92911.dir/CMakeCCompilerABI.c.o -lgcc -ldl -lc -lgcc -ldl /Users/chaolee/Library/Android/sdk/ndk-bundle/toolchains/llvm/prebuilt/darwin-x86_64/sysroot/usr/lib/x86_64-linux-android/21/crtend_android.o


Parsed C implicit link information from above output:
  link line regex: [^( *|.*[/\])(x86_64-linux-android-ld|CMAKE_LINK_STARTFILE-NOTFOUND|([^/\]+-)?ld|collect2)[^/\]*( |$)]
  ignore line: [Change Dir: /Users/chaolee/AndroidStudio/KaraokePlayer/extensions/av1/.cxx/cmake/debug/x86_64/CMakeFiles/CMakeTmp]
  ignore line: []
  ignore line: [Run Build Command:"/Users/chaolee/Library/Android/sdk/cmake/3.10.2.4988404/bin/ninja" "cmTC_92911"]
  ignore line: [[1/2] Building C object CMakeFiles/cmTC_92911.dir/CMakeCCompilerABI.c.o]
  ignore line: [[2/2] Linking C executable cmTC_92911]
  ignore line: [Android (5220042 based on r346389c) clang version 8.0.7 (https://android.googlesource.com/toolchain/clang b55f2d4ebfd35bf643d27dbca1bb228957008617) (https://android.googlesource.com/toolchain/llvm 3c393fe7a7e13b0fba4ac75a01aa683d7a5b11cd) (based on LLVM 8.0.7svn)]
  ignore line: [Target: x86_64-none-linux-android21]
  ignore line: [Thread model: posix]
  ignore line: [InstalledDir: /Users/chaolee/Library/Android/sdk/ndk-bundle/toolchains/llvm/prebuilt/darwin-x86_64/bin]
  ignore line: [Found candidate GCC installation: /Users/chaolee/Library/Android/sdk/ndk-bundle/toolchains/llvm/prebuilt/darwin-x86_64/lib/gcc/i686-linux-android/4.9.x]
  ignore line: [Found candidate GCC installation: /Users/chaolee/Library/Android/sdk/ndk-bundle/toolchains/llvm/prebuilt/darwin-x86_64/lib/gcc/x86_64-linux-android/4.9.x]
  ignore line: [Selected GCC installation: /Users/chaolee/Library/Android/sdk/ndk-bundle/toolchains/llvm/prebuilt/darwin-x86_64/lib/gcc/x86_64-linux-android/4.9.x]
  ignore line: [Candidate multilib: .]
  ignore line: [@m64]
  ignore line: [Selected multilib: .]
  ignore line: [@m64]
  link line: [ "/Users/chaolee/Library/Android/sdk/ndk-bundle/toolchains/llvm/prebuilt/darwin-x86_64/lib/gcc/x86_64-linux-android/4.9.x/../../../../x86_64-linux-android/bin/ld" --sysroot=/Users/chaolee/Library/Android/sdk/ndk-bundle/toolchains/llvm/prebuilt/darwin-x86_64/sysroot -pie -z now -z relro --hash-style=both --enable-new-dtags --eh-frame-hdr -m elf_x86_64 -dynamic-linker /system/bin/linker64 -o cmTC_92911 /Users/chaolee/Library/Android/sdk/ndk-bundle/toolchains/llvm/prebuilt/darwin-x86_64/sysroot/usr/lib/x86_64-linux-android/21/crtbegin_dynamic.o -L/Users/chaolee/Library/Android/sdk/ndk-bundle/toolchains/llvm/prebuilt/darwin-x86_64/lib64/clang/8.0.7/lib/linux/x86_64 -L/Users/chaolee/Library/Android/sdk/ndk-bundle/toolchains/llvm/prebuilt/darwin-x86_64/lib/gcc/x86_64-linux-android/4.9.x -L/Users/chaolee/Library/Android/sdk/ndk-bundle/toolchains/llvm/prebuilt/darwin-x86_64/lib/gcc/x86_64-linux-android/4.9.x/../../../../x86_64-linux-android/lib/../lib64 -L/Users/chaolee/Library/Android/sdk/ndk-bundle/toolchains/llvm/prebuilt/darwin-x86_64/sysroot/usr/lib/x86_64-linux-android/21 -L/Users/chaolee/Library/Android/sdk/ndk-bundle/toolchains/llvm/prebuilt/darwin-x86_64/sysroot/usr/lib/x86_64-linux-android -L/Users/chaolee/Library/Android/sdk/ndk-bundle/toolchains/llvm/prebuilt/darwin-x86_64/lib/gcc/x86_64-linux-android/4.9.x/../../../../x86_64-linux-android/lib -L/Users/chaolee/Library/Android/sdk/ndk-bundle/toolchains/llvm/prebuilt/darwin-x86_64/sysroot/usr/lib --exclude-libs libgcc.a --exclude-libs libatomic.a --build-id --warn-shared-textrel --fatal-warnings --no-undefined -z noexecstack --gc-sections CMakeFiles/cmTC_92911.dir/CMakeCCompilerABI.c.o -lgcc -ldl -lc -lgcc -ldl /Users/chaolee/Library/Android/sdk/ndk-bundle/toolchains/llvm/prebuilt/darwin-x86_64/sysroot/usr/lib/x86_64-linux-android/21/crtend_android.o]
    arg [/Users/chaolee/Library/Android/sdk/ndk-bundle/toolchains/llvm/prebuilt/darwin-x86_64/lib/gcc/x86_64-linux-android/4.9.x/../../../../x86_64-linux-android/bin/ld] ==> ignore
    arg [--sysroot=/Users/chaolee/Library/Android/sdk/ndk-bundle/toolchains/llvm/prebuilt/darwin-x86_64/sysroot] ==> ignore
    arg [-pie] ==> ignore
    arg [-znow] ==> ignore
    arg [-zrelro] ==> ignore
    arg [--hash-style=both] ==> ignore
    arg [--enable-new-dtags] ==> ignore
    arg [--eh-frame-hdr] ==> ignore
    arg [-m] ==> ignore
    arg [elf_x86_64] ==> ignore
    arg [-dynamic-linker] ==> ignore
    arg [/system/bin/linker64] ==> ignore
    arg [-o] ==> ignore
    arg [cmTC_92911] ==> ignore
    arg [/Users/chaolee/Library/Android/sdk/ndk-bundle/toolchains/llvm/prebuilt/darwin-x86_64/sysroot/usr/lib/x86_64-linux-android/21/crtbegin_dynamic.o] ==> ignore
    arg [-L/Users/chaolee/Library/Android/sdk/ndk-bundle/toolchains/llvm/prebuilt/darwin-x86_64/lib64/clang/8.0.7/lib/linux/x86_64] ==> dir [/Users/chaolee/Library/Android/sdk/ndk-bundle/toolchains/llvm/prebuilt/darwin-x86_64/lib64/clang/8.0.7/lib/linux/x86_64]
    arg [-L/Users/chaolee/Library/Android/sdk/ndk-bundle/toolchains/llvm/prebuilt/darwin-x86_64/lib/gcc/x86_64-linux-android/4.9.x] ==> dir [/Users/chaolee/Library/Android/sdk/ndk-bundle/toolchains/llvm/prebuilt/darwin-x86_64/lib/gcc/x86_64-linux-android/4.9.x]
    arg [-L/Users/chaolee/Library/Android/sdk/ndk-bundle/toolchains/llvm/prebuilt/darwin-x86_64/lib/gcc/x86_64-linux-android/4.9.x/../../../../x86_64-linux-android/lib/../lib64] ==> dir [/Users/chaolee/Library/Android/sdk/ndk-bundle/toolchains/llvm/prebuilt/darwin-x86_64/lib/gcc/x86_64-linux-android/4.9.x/../../../../x86_64-linux-android/lib/../lib64]
    arg [-L/Users/chaolee/Library/Android/sdk/ndk-bundle/toolchains/llvm/prebuilt/darwin-x86_64/sysroot/usr/lib/x86_64-linux-android/21] ==> dir [/Users/chaolee/Library/Android/sdk/ndk-bundle/toolchains/llvm/prebuilt/darwin-x86_64/sysroot/usr/lib/x86_64-linux-android/21]
    arg [-L/Users/chaolee/Library/Android/sdk/ndk-bundle/toolchains/llvm/prebuilt/darwin-x86_64/sysroot/usr/lib/x86_64-linux-android] ==> dir [/Users/chaolee/Library/Android/sdk/ndk-bundle/toolchains/llvm/prebuilt/darwin-x86_64/sysroot/usr/lib/x86_64-linux-android]
    arg [-L/Users/chaolee/Library/Android/sdk/ndk-bundle/toolchains/llvm/prebuilt/darwin-x86_64/lib/gcc/x86_64-linux-android/4.9.x/../../../../x86_64-linux-android/lib] ==> dir [/Users/chaolee/Library/Android/sdk/ndk-bundle/toolchains/llvm/prebuilt/darwin-x86_64/lib/gcc/x86_64-linux-android/4.9.x/../../../../x86_64-linux-android/lib]
    arg [-L/Users/chaolee/Library/Android/sdk/ndk-bundle/toolchains/llvm/prebuilt/darwin-x86_64/sysroot/usr/lib] ==> dir [/Users/chaolee/Library/Android/sdk/ndk-bundle/toolchains/llvm/prebuilt/darwin-x86_64/sysroot/usr/lib]
    arg [--exclude-libs] ==> ignore
    arg [libgcc.a] ==> ignore
    arg [--exclude-libs] ==> ignore
    arg [libatomic.a] ==> ignore
    arg [--build-id] ==> ignore
    arg [--warn-shared-textrel] ==> ignore
    arg [--fatal-warnings] ==> ignore
    arg [--no-undefined] ==> ignore
    arg [-znoexecstack] ==> ignore
    arg [--gc-sections] ==> ignore
    arg [CMakeFiles/cmTC_92911.dir/CMakeCCompilerABI.c.o] ==> ignore
    arg [-lgcc] ==> lib [gcc]
    arg [-ldl] ==> lib [dl]
    arg [-lc] ==> lib [c]
    arg [-lgcc] ==> lib [gcc]
    arg [-ldl] ==> lib [dl]
    arg [/Users/chaolee/Library/Android/sdk/ndk-bundle/toolchains/llvm/prebuilt/darwin-x86_64/sysroot/usr/lib/x86_64-linux-android/21/crtend_android.o] ==> ignore
  collapse library dir [/Users/chaolee/Library/Android/sdk/ndk-bundle/toolchains/llvm/prebuilt/darwin-x86_64/lib64/clang/8.0.7/lib/linux/x86_64] ==> [/Users/chaolee/Library/Android/sdk/ndk-bundle/toolchains/llvm/prebuilt/darwin-x86_64/lib64/clang/8.0.7/lib/linux/x86_64]
  collapse library dir [/Users/chaolee/Library/Android/sdk/ndk-bundle/toolchains/llvm/prebuilt/darwin-x86_64/lib/gcc/x86_64-linux-android/4.9.x] ==> [/Users/chaolee/Library/Android/sdk/ndk-bundle/toolchains/llvm/prebuilt/darwin-x86_64/lib/gcc/x86_64-linux-android/4.9.x]
  collapse library dir [/Users/chaolee/Library/Android/sdk/ndk-bundle/toolchains/llvm/prebuilt/darwin-x86_64/lib/gcc/x86_64-linux-android/4.9.x/../../../../x86_64-linux-android/lib/../lib64] ==> [/Users/chaolee/Library/Android/sdk/ndk-bundle/toolchains/llvm/prebuilt/darwin-x86_64/x86_64-linux-android/lib64]
  collapse library dir [/Users/chaolee/Library/Android/sdk/ndk-bundle/toolchains/llvm/prebuilt/darwin-x86_64/sysroot/usr/lib/x86_64-linux-android/21] ==> [/Users/chaolee/Library/Android/sdk/ndk-bundle/toolchains/llvm/prebuilt/darwin-x86_64/sysroot/usr/lib/x86_64-linux-android/21]
  collapse library dir [/Users/chaolee/Library/Android/sdk/ndk-bundle/toolchains/llvm/prebuilt/darwin-x86_64/sysroot/usr/lib/x86_64-linux-android] ==> [/Users/chaolee/Library/Android/sdk/ndk-bundle/toolchains/llvm/prebuilt/darwin-x86_64/sysroot/usr/lib/x86_64-linux-android]
  collapse library dir [/Users/chaolee/Library/Android/sdk/ndk-bundle/toolchains/llvm/prebuilt/darwin-x86_64/lib/gcc/x86_64-linux-android/4.9.x/../../../../x86_64-linux-android/lib] ==> [/Users/chaolee/Library/Android/sdk/ndk-bundle/toolchains/llvm/prebuilt/darwin-x86_64/x86_64-linux-android/lib]
  collapse library dir [/Users/chaolee/Library/Android/sdk/ndk-bundle/toolchains/llvm/prebuilt/darwin-x86_64/sysroot/usr/lib] ==> [/Users/chaolee/Library/Android/sdk/ndk-bundle/toolchains/llvm/prebuilt/darwin-x86_64/sysroot/usr/lib]
  implicit libs: [gcc;dl;c;gcc;dl]
  implicit dirs: [/Users/chaolee/Library/Android/sdk/ndk-bundle/toolchains/llvm/prebuilt/darwin-x86_64/lib64/clang/8.0.7/lib/linux/x86_64;/Users/chaolee/Library/Android/sdk/ndk-bundle/toolchains/llvm/prebuilt/darwin-x86_64/lib/gcc/x86_64-linux-android/4.9.x;/Users/chaolee/Library/Android/sdk/ndk-bundle/toolchains/llvm/prebuilt/darwin-x86_64/x86_64-linux-android/lib64;/Users/chaolee/Library/Android/sdk/ndk-bundle/toolchains/llvm/prebuilt/darwin-x86_64/sysroot/usr/lib/x86_64-linux-android/21;/Users/chaolee/Library/Android/sdk/ndk-bundle/toolchains/llvm/prebuilt/darwin-x86_64/sysroot/usr/lib/x86_64-linux-android;/Users/chaolee/Library/Android/sdk/ndk-bundle/toolchains/llvm/prebuilt/darwin-x86_64/x86_64-linux-android/lib;/Users/chaolee/Library/Android/sdk/ndk-bundle/toolchains/llvm/prebuilt/darwin-x86_64/sysroot/usr/lib]
  implicit fwks: []




Detecting C [-std=c11] compiler features compiled with the following output:
Change Dir: /Users/chaolee/AndroidStudio/KaraokePlayer/extensions/av1/.cxx/cmake/debug/x86_64/CMakeFiles/CMakeTmp

Run Build Command:"/Users/chaolee/Library/Android/sdk/cmake/3.10.2.4988404/bin/ninja" "cmTC_3801d"
[1/2] Building C object CMakeFiles/cmTC_3801d.dir/feature_tests.c.o
[2/2] Linking C executable cmTC_3801d


    Feature record: C_FEATURE:1c_function_prototypes
    Feature record: C_FEATURE:1c_restrict
    Feature record: C_FEATURE:1c_static_assert
    Feature record: C_FEATURE:1c_variadic_macros


Detecting C [-std=c99] compiler features compiled with the following output:
Change Dir: /Users/chaolee/AndroidStudio/KaraokePlayer/extensions/av1/.cxx/cmake/debug/x86_64/CMakeFiles/CMakeTmp

Run Build Command:"/Users/chaolee/Library/Android/sdk/cmake/3.10.2.4988404/bin/ninja" "cmTC_483aa"
[1/2] Building C object CMakeFiles/cmTC_483aa.dir/feature_tests.c.o
[2/2] Linking C executable cmTC_483aa


    Feature record: C_FEATURE:1c_function_prototypes
    Feature record: C_FEATURE:1c_restrict
    Feature record: C_FEATURE:0c_static_assert
    Feature record: C_FEATURE:1c_variadic_macros


Detecting C [-std=c90] compiler features compiled with the following output:
Change Dir: /Users/chaolee/AndroidStudio/KaraokePlayer/extensions/av1/.cxx/cmake/debug/x86_64/CMakeFiles/CMakeTmp

Run Build Command:"/Users/chaolee/Library/Android/sdk/cmake/3.10.2.4988404/bin/ninja" "cmTC_26b00"
[1/2] Building C object CMakeFiles/cmTC_26b00.dir/feature_tests.c.o
[2/2] Linking C executable cmTC_26b00


    Feature record: C_FEATURE:1c_function_prototypes
    Feature record: C_FEATURE:0c_restrict
    Feature record: C_FEATURE:0c_static_assert
    Feature record: C_FEATURE:0c_variadic_macros
Determining if the CXX compiler works passed with the following output:
Change Dir: /Users/chaolee/AndroidStudio/KaraokePlayer/extensions/av1/.cxx/cmake/debug/x86_64/CMakeFiles/CMakeTmp

Run Build Command:"/Users/chaolee/Library/Android/sdk/cmake/3.10.2.4988404/bin/ninja" "cmTC_c9e18"
[1/2] Building CXX object CMakeFiles/cmTC_c9e18.dir/testCXXCompiler.cxx.o
[2/2] Linking CXX executable cmTC_c9e18


Detecting CXX compiler ABI info compiled with the following output:
Change Dir: /Users/chaolee/AndroidStudio/KaraokePlayer/extensions/av1/.cxx/cmake/debug/x86_64/CMakeFiles/CMakeTmp

Run Build Command:"/Users/chaolee/Library/Android/sdk/cmake/3.10.2.4988404/bin/ninja" "cmTC_c2876"
[1/2] Building CXX object CMakeFiles/cmTC_c2876.dir/CMakeCXXCompilerABI.cpp.o
[2/2] Linking CXX executable cmTC_c2876
Android (5220042 based on r346389c) clang version 8.0.7 (https://android.googlesource.com/toolchain/clang b55f2d4ebfd35bf643d27dbca1bb228957008617) (https://android.googlesource.com/toolchain/llvm 3c393fe7a7e13b0fba4ac75a01aa683d7a5b11cd) (based on LLVM 8.0.7svn)
Target: x86_64-none-linux-android21
Thread model: posix
InstalledDir: /Users/chaolee/Library/Android/sdk/ndk-bundle/toolchains/llvm/prebuilt/darwin-x86_64/bin
Found candidate GCC installation: /Users/chaolee/Library/Android/sdk/ndk-bundle/toolchains/llvm/prebuilt/darwin-x86_64/lib/gcc/i686-linux-android/4.9.x
Found candidate GCC installation: /Users/chaolee/Library/Android/sdk/ndk-bundle/toolchains/llvm/prebuilt/darwin-x86_64/lib/gcc/x86_64-linux-android/4.9.x
Selected GCC installation: /Users/chaolee/Library/Android/sdk/ndk-bundle/toolchains/llvm/prebuilt/darwin-x86_64/lib/gcc/x86_64-linux-android/4.9.x
Candidate multilib: .;@m64
Selected multilib: .;@m64
 "/Users/chaolee/Library/Android/sdk/ndk-bundle/toolchains/llvm/prebuilt/darwin-x86_64/lib/gcc/x86_64-linux-android/4.9.x/../../../../x86_64-linux-android/bin/ld" --sysroot=/Users/chaolee/Library/Android/sdk/ndk-bundle/toolchains/llvm/prebuilt/darwin-x86_64/sysroot -pie -z now -z relro --hash-style=both --enable-new-dtags --eh-frame-hdr -m elf_x86_64 -dynamic-linker /system/bin/linker64 -o cmTC_c2876 /Users/chaolee/Library/Android/sdk/ndk-bundle/toolchains/llvm/prebuilt/darwin-x86_64/sysroot/usr/lib/x86_64-linux-android/21/crtbegin_dynamic.o -L/Users/chaolee/Library/Android/sdk/ndk-bundle/toolchains/llvm/prebuilt/darwin-x86_64/lib64/clang/8.0.7/lib/linux/x86_64 -L/Users/chaolee/Library/Android/sdk/ndk-bundle/toolchains/llvm/prebuilt/darwin-x86_64/lib/gcc/x86_64-linux-android/4.9.x -L/Users/chaolee/Library/Android/sdk/ndk-bundle/toolchains/llvm/prebuilt/darwin-x86_64/lib/gcc/x86_64-linux-android/4.9.x/../../../../x86_64-linux-android/lib/../lib64 -L/Users/chaolee/Library/Android/sdk/ndk-bundle/toolchains/llvm/prebuilt/darwin-x86_64/sysroot/usr/lib/x86_64-linux-android/21 -L/Users/chaolee/Library/Android/sdk/ndk-bundle/toolchains/llvm/prebuilt/darwin-x86_64/sysroot/usr/lib/x86_64-linux-android -L/Users/chaolee/Library/Android/sdk/ndk-bundle/toolchains/llvm/prebuilt/darwin-x86_64/lib/gcc/x86_64-linux-android/4.9.x/../../../../x86_64-linux-android/lib -L/Users/chaolee/Library/Android/sdk/ndk-bundle/toolchains/llvm/prebuilt/darwin-x86_64/sysroot/usr/lib --exclude-libs libgcc.a --exclude-libs libatomic.a --build-id --warn-shared-textrel --fatal-warnings --no-undefined -z noexecstack --gc-sections CMakeFiles/cmTC_c2876.dir/CMakeCXXCompilerABI.cpp.o -Bstatic -lc++ -Bdynamic -lm -lgcc -ldl -lc -lgcc -ldl /Users/chaolee/Library/Android/sdk/ndk-bundle/toolchains/llvm/prebuilt/darwin-x86_64/sysroot/usr/lib/x86_64-linux-android/21/crtend_android.o


Parsed CXX implicit link information from above output:
  link line regex: [^( *|.*[/\])(x86_64-linux-android-ld|CMAKE_LINK_STARTFILE-NOTFOUND|([^/\]+-)?ld|collect2)[^/\]*( |$)]
  ignore line: [Change Dir: /Users/chaolee/AndroidStudio/KaraokePlayer/extensions/av1/.cxx/cmake/debug/x86_64/CMakeFiles/CMakeTmp]
  ignore line: []
  ignore line: [Run Build Command:"/Users/chaolee/Library/Android/sdk/cmake/3.10.2.4988404/bin/ninja" "cmTC_c2876"]
  ignore line: [[1/2] Building CXX object CMakeFiles/cmTC_c2876.dir/CMakeCXXCompilerABI.cpp.o]
  ignore line: [[2/2] Linking CXX executable cmTC_c2876]
  ignore line: [Android (5220042 based on r346389c) clang version 8.0.7 (https://android.googlesource.com/toolchain/clang b55f2d4ebfd35bf643d27dbca1bb228957008617) (https://android.googlesource.com/toolchain/llvm 3c393fe7a7e13b0fba4ac75a01aa683d7a5b11cd) (based on LLVM 8.0.7svn)]
  ignore line: [Target: x86_64-none-linux-android21]
  ignore line: [Thread model: posix]
  ignore line: [InstalledDir: /Users/chaolee/Library/Android/sdk/ndk-bundle/toolchains/llvm/prebuilt/darwin-x86_64/bin]
  ignore line: [Found candidate GCC installation: /Users/chaolee/Library/Android/sdk/ndk-bundle/toolchains/llvm/prebuilt/darwin-x86_64/lib/gcc/i686-linux-android/4.9.x]
  ignore line: [Found candidate GCC installation: /Users/chaolee/Library/Android/sdk/ndk-bundle/toolchains/llvm/prebuilt/darwin-x86_64/lib/gcc/x86_64-linux-android/4.9.x]
  ignore line: [Selected GCC installation: /Users/chaolee/Library/Android/sdk/ndk-bundle/toolchains/llvm/prebuilt/darwin-x86_64/lib/gcc/x86_64-linux-android/4.9.x]
  ignore line: [Candidate multilib: .]
  ignore line: [@m64]
  ignore line: [Selected multilib: .]
  ignore line: [@m64]
  link line: [ "/Users/chaolee/Library/Android/sdk/ndk-bundle/toolchains/llvm/prebuilt/darwin-x86_64/lib/gcc/x86_64-linux-android/4.9.x/../../../../x86_64-linux-android/bin/ld" --sysroot=/Users/chaolee/Library/Android/sdk/ndk-bundle/toolchains/llvm/prebuilt/darwin-x86_64/sysroot -pie -z now -z relro --hash-style=both --enable-new-dtags --eh-frame-hdr -m elf_x86_64 -dynamic-linker /system/bin/linker64 -o cmTC_c2876 /Users/chaolee/Library/Android/sdk/ndk-bundle/toolchains/llvm/prebuilt/darwin-x86_64/sysroot/usr/lib/x86_64-linux-android/21/crtbegin_dynamic.o -L/Users/chaolee/Library/Android/sdk/ndk-bundle/toolchains/llvm/prebuilt/darwin-x86_64/lib64/clang/8.0.7/lib/linux/x86_64 -L/Users/chaolee/Library/Android/sdk/ndk-bundle/toolchains/llvm/prebuilt/darwin-x86_64/lib/gcc/x86_64-linux-android/4.9.x -L/Users/chaolee/Library/Android/sdk/ndk-bundle/toolchains/llvm/prebuilt/darwin-x86_64/lib/gcc/x86_64-linux-android/4.9.x/../../../../x86_64-linux-android/lib/../lib64 -L/Users/chaolee/Library/Android/sdk/ndk-bundle/toolchains/llvm/prebuilt/darwin-x86_64/sysroot/usr/lib/x86_64-linux-android/21 -L/Users/chaolee/Library/Android/sdk/ndk-bundle/toolchains/llvm/prebuilt/darwin-x86_64/sysroot/usr/lib/x86_64-linux-android -L/Users/chaolee/Library/Android/sdk/ndk-bundle/toolchains/llvm/prebuilt/darwin-x86_64/lib/gcc/x86_64-linux-android/4.9.x/../../../../x86_64-linux-android/lib -L/Users/chaolee/Library/Android/sdk/ndk-bundle/toolchains/llvm/prebuilt/darwin-x86_64/sysroot/usr/lib --exclude-libs libgcc.a --exclude-libs libatomic.a --build-id --warn-shared-textrel --fatal-warnings --no-undefined -z noexecstack --gc-sections CMakeFiles/cmTC_c2876.dir/CMakeCXXCompilerABI.cpp.o -Bstatic -lc++ -Bdynamic -lm -lgcc -ldl -lc -lgcc -ldl /Users/chaolee/Library/Android/sdk/ndk-bundle/toolchains/llvm/prebuilt/darwin-x86_64/sysroot/usr/lib/x86_64-linux-android/21/crtend_android.o]
    arg [/Users/chaolee/Library/Android/sdk/ndk-bundle/toolchains/llvm/prebuilt/darwin-x86_64/lib/gcc/x86_64-linux-android/4.9.x/../../../../x86_64-linux-android/bin/ld] ==> ignore
    arg [--sysroot=/Users/chaolee/Library/Android/sdk/ndk-bundle/toolchains/llvm/prebuilt/darwin-x86_64/sysroot] ==> ignore
    arg [-pie] ==> ignore
    arg [-znow] ==> ignore
    arg [-zrelro] ==> ignore
    arg [--hash-style=both] ==> ignore
    arg [--enable-new-dtags] ==> ignore
    arg [--eh-frame-hdr] ==> ignore
    arg [-m] ==> ignore
    arg [elf_x86_64] ==> ignore
    arg [-dynamic-linker] ==> ignore
    arg [/system/bin/linker64] ==> ignore
    arg [-o] ==> ignore
    arg [cmTC_c2876] ==> ignore
    arg [/Users/chaolee/Library/Android/sdk/ndk-bundle/toolchains/llvm/prebuilt/darwin-x86_64/sysroot/usr/lib/x86_64-linux-android/21/crtbegin_dynamic.o] ==> ignore
    arg [-L/Users/chaolee/Library/Android/sdk/ndk-bundle/toolchains/llvm/prebuilt/darwin-x86_64/lib64/clang/8.0.7/lib/linux/x86_64] ==> dir [/Users/chaolee/Library/Android/sdk/ndk-bundle/toolchains/llvm/prebuilt/darwin-x86_64/lib64/clang/8.0.7/lib/linux/x86_64]
    arg [-L/Users/chaolee/Library/Android/sdk/ndk-bundle/toolchains/llvm/prebuilt/darwin-x86_64/lib/gcc/x86_64-linux-android/4.9.x] ==> dir [/Users/chaolee/Library/Android/sdk/ndk-bundle/toolchains/llvm/prebuilt/darwin-x86_64/lib/gcc/x86_64-linux-android/4.9.x]
    arg [-L/Users/chaolee/Library/Android/sdk/ndk-bundle/toolchains/llvm/prebuilt/darwin-x86_64/lib/gcc/x86_64-linux-android/4.9.x/../../../../x86_64-linux-android/lib/../lib64] ==> dir [/Users/chaolee/Library/Android/sdk/ndk-bundle/toolchains/llvm/prebuilt/darwin-x86_64/lib/gcc/x86_64-linux-android/4.9.x/../../../../x86_64-linux-android/lib/../lib64]
    arg [-L/Users/chaolee/Library/Android/sdk/ndk-bundle/toolchains/llvm/prebuilt/darwin-x86_64/sysroot/usr/lib/x86_64-linux-android/21] ==> dir [/Users/chaolee/Library/Android/sdk/ndk-bundle/toolchains/llvm/prebuilt/darwin-x86_64/sysroot/usr/lib/x86_64-linux-android/21]
    arg [-L/Users/chaolee/Library/Android/sdk/ndk-bundle/toolchains/llvm/prebuilt/darwin-x86_64/sysroot/usr/lib/x86_64-linux-android] ==> dir [/Users/chaolee/Library/Android/sdk/ndk-bundle/toolchains/llvm/prebuilt/darwin-x86_64/sysroot/usr/lib/x86_64-linux-android]
    arg [-L/Users/chaolee/Library/Android/sdk/ndk-bundle/toolchains/llvm/prebuilt/darwin-x86_64/lib/gcc/x86_64-linux-android/4.9.x/../../../../x86_64-linux-android/lib] ==> dir [/Users/chaolee/Library/Android/sdk/ndk-bundle/toolchains/llvm/prebuilt/darwin-x86_64/lib/gcc/x86_64-linux-android/4.9.x/../../../../x86_64-linux-android/lib]
    arg [-L/Users/chaolee/Library/Android/sdk/ndk-bundle/toolchains/llvm/prebuilt/darwin-x86_64/sysroot/usr/lib] ==> dir [/Users/chaolee/Library/Android/sdk/ndk-bundle/toolchains/llvm/prebuilt/darwin-x86_64/sysroot/usr/lib]
    arg [--exclude-libs] ==> ignore
    arg [libgcc.a] ==> ignore
    arg [--exclude-libs] ==> ignore
    arg [libatomic.a] ==> ignore
    arg [--build-id] ==> ignore
    arg [--warn-shared-textrel] ==> ignore
    arg [--fatal-warnings] ==> ignore
    arg [--no-undefined] ==> ignore
    arg [-znoexecstack] ==> ignore
    arg [--gc-sections] ==> ignore
    arg [CMakeFiles/cmTC_c2876.dir/CMakeCXXCompilerABI.cpp.o] ==> ignore
    arg [-Bstatic] ==> ignore
    arg [-lc++] ==> lib [c++]
    arg [-Bdynamic] ==> ignore
    arg [-lm] ==> lib [m]
    arg [-lgcc] ==> lib [gcc]
    arg [-ldl] ==> lib [dl]
    arg [-lc] ==> lib [c]
    arg [-lgcc] ==> lib [gcc]
    arg [-ldl] ==> lib [dl]
    arg [/Users/chaolee/Library/Android/sdk/ndk-bundle/toolchains/llvm/prebuilt/darwin-x86_64/sysroot/usr/lib/x86_64-linux-android/21/crtend_android.o] ==> ignore
  collapse library dir [/Users/chaolee/Library/Android/sdk/ndk-bundle/toolchains/llvm/prebuilt/darwin-x86_64/lib64/clang/8.0.7/lib/linux/x86_64] ==> [/Users/chaolee/Library/Android/sdk/ndk-bundle/toolchains/llvm/prebuilt/darwin-x86_64/lib64/clang/8.0.7/lib/linux/x86_64]
  collapse library dir [/Users/chaolee/Library/Android/sdk/ndk-bundle/toolchains/llvm/prebuilt/darwin-x86_64/lib/gcc/x86_64-linux-android/4.9.x] ==> [/Users/chaolee/Library/Android/sdk/ndk-bundle/toolchains/llvm/prebuilt/darwin-x86_64/lib/gcc/x86_64-linux-android/4.9.x]
  collapse library dir [/Users/chaolee/Library/Android/sdk/ndk-bundle/toolchains/llvm/prebuilt/darwin-x86_64/lib/gcc/x86_64-linux-android/4.9.x/../../../../x86_64-linux-android/lib/../lib64] ==> [/Users/chaolee/Library/Android/sdk/ndk-bundle/toolchains/llvm/prebuilt/darwin-x86_64/x86_64-linux-android/lib64]
  collapse library dir [/Users/chaolee/Library/Android/sdk/ndk-bundle/toolchains/llvm/prebuilt/darwin-x86_64/sysroot/usr/lib/x86_64-linux-android/21] ==> [/Users/chaolee/Library/Android/sdk/ndk-bundle/toolchains/llvm/prebuilt/darwin-x86_64/sysroot/usr/lib/x86_64-linux-android/21]
  collapse library dir [/Users/chaolee/Library/Android/sdk/ndk-bundle/toolchains/llvm/prebuilt/darwin-x86_64/sysroot/usr/lib/x86_64-linux-android] ==> [/Users/chaolee/Library/Android/sdk/ndk-bundle/toolchains/llvm/prebuilt/darwin-x86_64/sysroot/usr/lib/x86_64-linux-android]
  collapse library dir [/Users/chaolee/Library/Android/sdk/ndk-bundle/toolchains/llvm/prebuilt/darwin-x86_64/lib/gcc/x86_64-linux-android/4.9.x/../../../../x86_64-linux-android/lib] ==> [/Users/chaolee/Library/Android/sdk/ndk-bundle/toolchains/llvm/prebuilt/darwin-x86_64/x86_64-linux-android/lib]
  collapse library dir [/Users/chaolee/Library/Android/sdk/ndk-bundle/toolchains/llvm/prebuilt/darwin-x86_64/sysroot/usr/lib] ==> [/Users/chaolee/Library/Android/sdk/ndk-bundle/toolchains/llvm/prebuilt/darwin-x86_64/sysroot/usr/lib]
  implicit libs: [c++;m;gcc;dl;c;gcc;dl]
  implicit dirs: [/Users/chaolee/Library/Android/sdk/ndk-bundle/toolchains/llvm/prebuilt/darwin-x86_64/lib64/clang/8.0.7/lib/linux/x86_64;/Users/chaolee/Library/Android/sdk/ndk-bundle/toolchains/llvm/prebuilt/darwin-x86_64/lib/gcc/x86_64-linux-android/4.9.x;/Users/chaolee/Library/Android/sdk/ndk-bundle/toolchains/llvm/prebuilt/darwin-x86_64/x86_64-linux-android/lib64;/Users/chaolee/Library/Android/sdk/ndk-bundle/toolchains/llvm/prebuilt/darwin-x86_64/sysroot/usr/lib/x86_64-linux-android/21;/Users/chaolee/Library/Android/sdk/ndk-bundle/toolchains/llvm/prebuilt/darwin-x86_64/sysroot/usr/lib/x86_64-linux-android;/Users/chaolee/Library/Android/sdk/ndk-bundle/toolchains/llvm/prebuilt/darwin-x86_64/x86_64-linux-android/lib;/Users/chaolee/Library/Android/sdk/ndk-bundle/toolchains/llvm/prebuilt/darwin-x86_64/sysroot/usr/lib]
  implicit fwks: []




Detecting CXX [-std=c++1z] compiler features compiled with the following output:
Change Dir: /Users/chaolee/AndroidStudio/KaraokePlayer/extensions/av1/.cxx/cmake/debug/x86_64/CMakeFiles/CMakeTmp

Run Build Command:"/Users/chaolee/Library/Android/sdk/cmake/3.10.2.4988404/bin/ninja" "cmTC_9d89d"
[1/2] Building CXX object CMakeFiles/cmTC_9d89d.dir/feature_tests.cxx.o
[2/2] Linking CXX executable cmTC_9d89d


    Feature record: CXX_FEATURE:1cxx_aggregate_default_initializers
    Feature record: CXX_FEATURE:1cxx_alias_templates
    Feature record: CXX_FEATURE:1cxx_alignas
    Feature record: CXX_FEATURE:1cxx_alignof
    Feature record: CXX_FEATURE:1cxx_attributes
    Feature record: CXX_FEATURE:1cxx_attribute_deprecated
    Feature record: CXX_FEATURE:1cxx_auto_type
    Feature record: CXX_FEATURE:1cxx_binary_literals
    Feature record: CXX_FEATURE:1cxx_constexpr
    Feature record: CXX_FEATURE:1cxx_contextual_conversions
    Feature record: CXX_FEATURE:1cxx_decltype
    Feature record: CXX_FEATURE:1cxx_decltype_auto
    Feature record: CXX_FEATURE:1cxx_decltype_incomplete_return_types
    Feature record: CXX_FEATURE:1cxx_default_function_template_args
    Feature record: CXX_FEATURE:1cxx_defaulted_functions
    Feature record: CXX_FEATURE:1cxx_defaulted_move_initializers
    Feature record: CXX_FEATURE:1cxx_delegating_constructors
    Feature record: CXX_FEATURE:1cxx_deleted_functions
    Feature record: CXX_FEATURE:1cxx_digit_separators
    Feature record: CXX_FEATURE:1cxx_enum_forward_declarations
    Feature record: CXX_FEATURE:1cxx_explicit_conversions
    Feature record: CXX_FEATURE:1cxx_extended_friend_declarations
    Feature record: CXX_FEATURE:1cxx_extern_templates
    Feature record: CXX_FEATURE:1cxx_final
    Feature record: CXX_FEATURE:1cxx_func_identifier
    Feature record: CXX_FEATURE:1cxx_generalized_initializers
    Feature record: CXX_FEATURE:1cxx_generic_lambdas
    Feature record: CXX_FEATURE:1cxx_inheriting_constructors
    Feature record: CXX_FEATURE:1cxx_inline_namespaces
    Feature record: CXX_FEATURE:1cxx_lambdas
    Feature record: CXX_FEATURE:1cxx_lambda_init_captures
    Feature record: CXX_FEATURE:1cxx_local_type_template_args
    Feature record: CXX_FEATURE:1cxx_long_long_type
    Feature record: CXX_FEATURE:1cxx_noexcept
    Feature record: CXX_FEATURE:1cxx_nonstatic_member_init
    Feature record: CXX_FEATURE:1cxx_nullptr
    Feature record: CXX_FEATURE:1cxx_override
    Feature record: CXX_FEATURE:1cxx_range_for
    Feature record: CXX_FEATURE:1cxx_raw_string_literals
    Feature record: CXX_FEATURE:1cxx_reference_qualified_functions
    Feature record: CXX_FEATURE:1cxx_relaxed_constexpr
    Feature record: CXX_FEATURE:1cxx_return_type_deduction
    Feature record: CXX_FEATURE:1cxx_right_angle_brackets
    Feature record: CXX_FEATURE:1cxx_rvalue_references
    Feature record: CXX_FEATURE:1cxx_sizeof_member
    Feature record: CXX_FEATURE:1cxx_static_assert
    Feature record: CXX_FEATURE:1cxx_strong_enums
    Feature record: CXX_FEATURE:1cxx_template_template_parameters
    Feature record: CXX_FEATURE:1cxx_thread_local
    Feature record: CXX_FEATURE:1cxx_trailing_return_types
    Feature record: CXX_FEATURE:1cxx_unicode_literals
    Feature record: CXX_FEATURE:1cxx_uniform_initialization
    Feature record: CXX_FEATURE:1cxx_unrestricted_unions
    Feature record: CXX_FEATURE:1cxx_user_literals
    Feature record: CXX_FEATURE:1cxx_variable_templates
    Feature record: CXX_FEATURE:1cxx_variadic_macros
    Feature record: CXX_FEATURE:1cxx_variadic_templates


Detecting CXX [-std=c++14] compiler features compiled with the following output:
Change Dir: /Users/chaolee/AndroidStudio/KaraokePlayer/extensions/av1/.cxx/cmake/debug/x86_64/CMakeFiles/CMakeTmp

Run Build Command:"/Users/chaolee/Library/Android/sdk/cmake/3.10.2.4988404/bin/ninja" "cmTC_27c43"
[1/2] Building CXX object CMakeFiles/cmTC_27c43.dir/feature_tests.cxx.o
[2/2] Linking CXX executable cmTC_27c43


    Feature record: CXX_FEATURE:1cxx_aggregate_default_initializers
    Feature record: CXX_FEATURE:1cxx_alias_templates
    Feature record: CXX_FEATURE:1cxx_alignas
    Feature record: CXX_FEATURE:1cxx_alignof
    Feature record: CXX_FEATURE:1cxx_attributes
    Feature record: CXX_FEATURE:1cxx_attribute_deprecated
    Feature record: CXX_FEATURE:1cxx_auto_type
    Feature record: CXX_FEATURE:1cxx_binary_literals
    Feature record: CXX_FEATURE:1cxx_constexpr
    Feature record: CXX_FEATURE:1cxx_contextual_conversions
    Feature record: CXX_FEATURE:1cxx_decltype
    Feature record: CXX_FEATURE:1cxx_decltype_auto
    Feature record: CXX_FEATURE:1cxx_decltype_incomplete_return_types
    Feature record: CXX_FEATURE:1cxx_default_function_template_args
    Feature record: CXX_FEATURE:1cxx_defaulted_functions
    Feature record: CXX_FEATURE:1cxx_defaulted_move_initializers
    Feature record: CXX_FEATURE:1cxx_delegating_constructors
    Feature record: CXX_FEATURE:1cxx_deleted_functions
    Feature record: CXX_FEATURE:1cxx_digit_separators
    Feature record: CXX_FEATURE:1cxx_enum_forward_declarations
    Feature record: CXX_FEATURE:1cxx_explicit_conversions
    Feature record: CXX_FEATURE:1cxx_extended_friend_declarations
    Feature record: CXX_FEATURE:1cxx_extern_templates
    Feature record: CXX_FEATURE:1cxx_final
    Feature record: CXX_FEATURE:1cxx_func_identifier
    Feature record: CXX_FEATURE:1cxx_generalized_initializers
    Feature record: CXX_FEATURE:1cxx_generic_lambdas
    Feature record: CXX_FEATURE:1cxx_inheriting_constructors
    Feature record: CXX_FEATURE:1cxx_inline_namespaces
    Feature record: CXX_FEATURE:1cxx_lambdas
    Feature record: CXX_FEATURE:1cxx_lambda_init_captures
    Feature record: CXX_FEATURE:1cxx_local_type_template_args
    Feature record: CXX_FEATURE:1cxx_long_long_type
    Feature record: CXX_FEATURE:1cxx_noexcept
    Feature record: CXX_FEATURE:1cxx_nonstatic_member_init
    Feature record: CXX_FEATURE:1cxx_nullptr
    Feature record: CXX_FEATURE:1cxx_override
    Feature record: CXX_FEATURE:1cxx_range_for
    Feature record: CXX_FEATURE:1cxx_raw_string_literals
    Feature record: CXX_FEATURE:1cxx_reference_qualified_functions
    Feature record: CXX_FEATURE:1cxx_relaxed_constexpr
    Feature record: CXX_FEATURE:1cxx_return_type_deduction
    Feature record: CXX_FEATURE:1cxx_right_angle_brackets
    Feature record: CXX_FEATURE:1cxx_rvalue_references
    Feature record: CXX_FEATURE:1cxx_sizeof_member
    Feature record: CXX_FEATURE:1cxx_static_assert
    Feature record: CXX_FEATURE:1cxx_strong_enums
    Feature record: CXX_FEATURE:1cxx_template_template_parameters
    Feature record: CXX_FEATURE:1cxx_thread_local
    Feature record: CXX_FEATURE:1cxx_trailing_return_types
    Feature record: CXX_FEATURE:1cxx_unicode_literals
    Feature record: CXX_FEATURE:1cxx_uniform_initialization
    Feature record: CXX_FEATURE:1cxx_unrestricted_unions
    Feature record: CXX_FEATURE:1cxx_user_literals
    Feature record: CXX_FEATURE:1cxx_variable_templates
    Feature record: CXX_FEATURE:1cxx_variadic_macros
    Feature record: CXX_FEATURE:1cxx_variadic_templates


Detecting CXX [-std=c++11] compiler features compiled with the following output:
Change Dir: /Users/chaolee/AndroidStudio/KaraokePlayer/extensions/av1/.cxx/cmake/debug/x86_64/CMakeFiles/CMakeTmp

Run Build Command:"/Users/chaolee/Library/Android/sdk/cmake/3.10.2.4988404/bin/ninja" "cmTC_e7976"
[1/2] Building CXX object CMakeFiles/cmTC_e7976.dir/feature_tests.cxx.o
[2/2] Linking CXX executable cmTC_e7976


    Feature record: CXX_FEATURE:0cxx_aggregate_default_initializers
    Feature record: CXX_FEATURE:1cxx_alias_templates
    Feature record: CXX_FEATURE:1cxx_alignas
    Feature record: CXX_FEATURE:1cxx_alignof
    Feature record: CXX_FEATURE:1cxx_attributes
    Feature record: CXX_FEATURE:0cxx_attribute_deprecated
    Feature record: CXX_FEATURE:1cxx_auto_type
    Feature record: CXX_FEATURE:0cxx_binary_literals
    Feature record: CXX_FEATURE:1cxx_constexpr
    Feature record: CXX_FEATURE:0cxx_contextual_conversions
    Feature record: CXX_FEATURE:1cxx_decltype
    Feature record: CXX_FEATURE:0cxx_decltype_auto
    Feature record: CXX_FEATURE:1cxx_decltype_incomplete_return_types
    Feature record: CXX_FEATURE:1cxx_default_function_template_args
    Feature record: CXX_FEATURE:1cxx_defaulted_functions
    Feature record: CXX_FEATURE:1cxx_defaulted_move_initializers
    Feature record: CXX_FEATURE:1cxx_delegating_constructors
    Feature record: CXX_FEATURE:1cxx_deleted_functions
    Feature record: CXX_FEATURE:0cxx_digit_separators
    Feature record: CXX_FEATURE:1cxx_enum_forward_declarations
    Feature record: CXX_FEATURE:1cxx_explicit_conversions
    Feature record: CXX_FEATURE:1cxx_extended_friend_declarations
    Feature record: CXX_FEATURE:1cxx_extern_templates
    Feature record: CXX_FEATURE:1cxx_final
    Feature record: CXX_FEATURE:1cxx_func_identifier
    Feature record: CXX_FEATURE:1cxx_generalized_initializers
    Feature record: CXX_FEATURE:0cxx_generic_lambdas
    Feature record: CXX_FEATURE:1cxx_inheriting_constructors
    Feature record: CXX_FEATURE:1cxx_inline_namespaces
    Feature record: CXX_FEATURE:1cxx_lambdas
    Feature record: CXX_FEATURE:0cxx_lambda_init_captures
    Feature record: CXX_FEATURE:1cxx_local_type_template_args
    Feature record: CXX_FEATURE:1cxx_long_long_type
    Feature record: CXX_FEATURE:1cxx_noexcept
    Feature record: CXX_FEATURE:1cxx_nonstatic_member_init
    Feature record: CXX_FEATURE:1cxx_nullptr
    Feature record: CXX_FEATURE:1cxx_override
    Feature record: CXX_FEATURE:1cxx_range_for
    Feature record: CXX_FEATURE:1cxx_raw_string_literals
    Feature record: CXX_FEATURE:1cxx_reference_qualified_functions
    Feature record: CXX_FEATURE:0cxx_relaxed_constexpr
    Feature record: CXX_FEATURE:0cxx_return_type_deduction
    Feature record: CXX_FEATURE:1cxx_right_angle_brackets
    Feature record: CXX_FEATURE:1cxx_rvalue_references
    Feature record: CXX_FEATURE:1cxx_sizeof_member
    Feature record: CXX_FEATURE:1cxx_static_assert
    Feature record: CXX_FEATURE:1cxx_strong_enums
    Feature record: CXX_FEATURE:1cxx_template_template_parameters
    Feature record: CXX_FEATURE:1cxx_thread_local
    Feature record: CXX_FEATURE:1cxx_trailing_return_types
    Feature record: CXX_FEATURE:1cxx_unicode_literals
    Feature record: CXX_FEATURE:1cxx_uniform_initialization
    Feature record: CXX_FEATURE:1cxx_unrestricted_unions
    Feature record: CXX_FEATURE:1cxx_user_literals
    Feature record: CXX_FEATURE:0cxx_variable_templates
    Feature record: CXX_FEATURE:1cxx_variadic_macros
    Feature record: CXX_FEATURE:1cxx_variadic_templates


Detecting CXX [-std=c++98] compiler features compiled with the following output:
Change Dir: /Users/chaolee/AndroidStudio/KaraokePlayer/extensions/av1/.cxx/cmake/debug/x86_64/CMakeFiles/CMakeTmp

Run Build Command:"/Users/chaolee/Library/Android/sdk/cmake/3.10.2.4988404/bin/ninja" "cmTC_77709"
[1/2] Building CXX object CMakeFiles/cmTC_77709.dir/feature_tests.cxx.o
[2/2] Linking CXX executable cmTC_77709


    Feature record: CXX_FEATURE:0cxx_aggregate_default_initializers
    Feature record: CXX_FEATURE:0cxx_alias_templates
    Feature record: CXX_FEATURE:0cxx_alignas
    Feature record: CXX_FEATURE:0cxx_alignof
    Feature record: CXX_FEATURE:0cxx_attributes
    Feature record: CXX_FEATURE:0cxx_attribute_deprecated
    Feature record: CXX_FEATURE:0cxx_auto_type
    Feature record: CXX_FEATURE:0cxx_binary_literals
    Feature record: CXX_FEATURE:0cxx_constexpr
    Feature record: CXX_FEATURE:0cxx_contextual_conversions
    Feature record: CXX_FEATURE:0cxx_decltype
    Feature record: CXX_FEATURE:0cxx_decltype_auto
    Feature record: CXX_FEATURE:0cxx_decltype_incomplete_return_types
    Feature record: CXX_FEATURE:0cxx_default_function_template_args
    Feature record: CXX_FEATURE:0cxx_defaulted_functions
    Feature record: CXX_FEATURE:0cxx_defaulted_move_initializers
    Feature record: CXX_FEATURE:0cxx_delegating_constructors
    Feature record: CXX_FEATURE:0cxx_deleted_functions
    Feature record: CXX_FEATURE:0cxx_digit_separators
    Feature record: CXX_FEATURE:0cxx_enum_forward_declarations
    Feature record: CXX_FEATURE:0cxx_explicit_conversions
    Feature record: CXX_FEATURE:0cxx_extended_friend_declarations
    Feature record: CXX_FEATURE:0cxx_extern_templates
    Feature record: CXX_FEATURE:0cxx_final
    Feature record: CXX_FEATURE:0cxx_func_identifier
    Feature record: CXX_FEATURE:0cxx_generalized_initializers
    Feature record: CXX_FEATURE:0cxx_generic_lambdas
    Feature record: CXX_FEATURE:0cxx_inheriting_constructors
    Feature record: CXX_FEATURE:0cxx_inline_namespaces
    Feature record: CXX_FEATURE:0cxx_lambdas
    Feature record: CXX_FEATURE:0cxx_lambda_init_captures
    Feature record: CXX_FEATURE:0cxx_local_type_template_args
    Feature record: CXX_FEATURE:0cxx_long_long_type
    Feature record: CXX_FEATURE:0cxx_noexcept
    Feature record: CXX_FEATURE:0cxx_nonstatic_member_init
    Feature record: CXX_FEATURE:0cxx_nullptr
    Feature record: CXX_FEATURE:0cxx_override
    Feature record: CXX_FEATURE:0cxx_range_for
    Feature record: CXX_FEATURE:0cxx_raw_string_literals
    Feature record: CXX_FEATURE:0cxx_reference_qualified_functions
    Feature record: CXX_FEATURE:0cxx_relaxed_constexpr
    Feature record: CXX_FEATURE:0cxx_return_type_deduction
    Feature record: CXX_FEATURE:0cxx_right_angle_brackets
    Feature record: CXX_FEATURE:0cxx_rvalue_references
    Feature record: CXX_FEATURE:0cxx_sizeof_member
    Feature record: CXX_FEATURE:0cxx_static_assert
    Feature record: CXX_FEATURE:0cxx_strong_enums
    Feature record: CXX_FEATURE:1cxx_template_template_parameters
    Feature record: CXX_FEATURE:0cxx_thread_local
    Feature record: CXX_FEATURE:0cxx_trailing_return_types
    Feature record: CXX_FEATURE:0cxx_unicode_literals
    Feature record: CXX_FEATURE:0cxx_uniform_initialization
    Feature record: CXX_FEATURE:0cxx_unrestricted_unions
    Feature record: CXX_FEATURE:0cxx_user_literals
    Feature record: CXX_FEATURE:0cxx_variable_templates
    Feature record: CXX_FEATURE:0cxx_variadic_macros
    Feature record: CXX_FEATURE:0cxx_variadic_templates
Determining if the include file dlfcn.h exists passed with the following output:
Change Dir: /Users/chaolee/AndroidStudio/KaraokePlayer/extensions/av1/.cxx/cmake/debug/x86_64/CMakeFiles/CMakeTmp

Run Build Command:"/Users/chaolee/Library/Android/sdk/cmake/3.10.2.4988404/bin/ninja" "cmTC_4e710"
[1/2] Building C object CMakeFiles/cmTC_4e710.dir/CheckIncludeFile.c.o
[2/2] Linking C executable cmTC_4e710


Determining if the getauxval exist passed with the following output:
Change Dir: /Users/chaolee/AndroidStudio/KaraokePlayer/extensions/av1/.cxx/cmake/debug/x86_64/CMakeFiles/CMakeTmp

Run Build Command:"/Users/chaolee/Library/Android/sdk/cmake/3.10.2.4988404/bin/ninja" "cmTC_cefb4"
[1/2] Building C object CMakeFiles/cmTC_cefb4.dir/CheckSymbolExists.c.o
[2/2] Linking C executable cmTC_cefb4

File /Users/chaolee/AndroidStudio/KaraokePlayer/extensions/av1/.cxx/cmake/debug/x86_64/CMakeFiles/CMakeTmp/CheckSymbolExists.c:
/* */
#include <sys/auxv.h>

int main(int argc, char** argv)
{
  (void)argv;
#ifndef getauxval
  return ((int*)(&getauxval))[argc];
#else
  (void)argc;
  return 0;
#endif
}

Determining if the include file pthread.h exists passed with the following output:
Change Dir: /Users/chaolee/AndroidStudio/KaraokePlayer/extensions/av1/.cxx/cmake/debug/x86_64/CMakeFiles/CMakeTmp

Run Build Command:"/Users/chaolee/Library/Android/sdk/cmake/3.10.2.4988404/bin/ninja" "cmTC_cfefb"
[1/2] Building C object CMakeFiles/cmTC_cfefb.dir/CheckIncludeFile.c.o
[2/2] Linking C executable cmTC_cfefb


Determining if the pthread_create exist passed with the following output:
Change Dir: /Users/chaolee/AndroidStudio/KaraokePlayer/extensions/av1/.cxx/cmake/debug/x86_64/CMakeFiles/CMakeTmp

Run Build Command:"/Users/chaolee/Library/Android/sdk/cmake/3.10.2.4988404/bin/ninja" "cmTC_2cbf1"
[1/2] Building C object CMakeFiles/cmTC_2cbf1.dir/CheckSymbolExists.c.o
[2/2] Linking C executable cmTC_2cbf1

File /Users/chaolee/AndroidStudio/KaraokePlayer/extensions/av1/.cxx/cmake/debug/x86_64/CMakeFiles/CMakeTmp/CheckSymbolExists.c:
/* */
#include <pthread.h>

int main(int argc, char** argv)
{
  (void)argv;
#ifndef pthread_create
  return ((int*)(&pthread_create))[argc];
#else
  (void)argc;
  return 0;
#endif
}

Performing C++ SOURCE FILE Test libgav1_all_cxx_flags_pass succeeded with the following output:
Change Dir: /Users/chaolee/AndroidStudio/KaraokePlayer/extensions/av1/.cxx/cmake/debug/x86_64/CMakeFiles/CMakeTmp

Run Build Command:"/Users/chaolee/Library/Android/sdk/cmake/3.10.2.4988404/bin/ninja" "cmTC_557ef"
[1/2] Building CXX object CMakeFiles/cmTC_557ef.dir/src.cxx.o
[2/2] Linking CXX executable cmTC_557ef

Source file was:
int main() { return 0; }
Performing C++ SOURCE FILE Test libgav1_all_cxx_flags_pass succeeded with the following output:
Change Dir: /Users/chaolee/AndroidStudio/KaraokePlayer/extensions/av1/.cxx/cmake/debug/x86_64/CMakeFiles/CMakeTmp

Run Build Command:"/Users/chaolee/Library/Android/sdk/cmake/3.10.2.4988404/bin/ninja" "cmTC_cb299"
[1/2] Building CXX object CMakeFiles/cmTC_cb299.dir/src.cxx.o
[2/2] Linking CXX executable cmTC_cb299

Source file was:
int main() { return 0; }
Performing C++ SOURCE FILE Test libgav1_all_cxx_flags_pass succeeded with the following output:
Change Dir: /Users/chaolee/AndroidStudio/KaraokePlayer/extensions/av1/.cxx/cmake/debug/x86_64/CMakeFiles/CMakeTmp

Run Build Command:"/Users/chaolee/Library/Android/sdk/cmake/3.10.2.4988404/bin/ninja" "cmTC_adcae"
[1/2] Building CXX object CMakeFiles/cmTC_adcae.dir/src.cxx.o
[2/2] Linking CXX executable cmTC_adcae

Source file was:
int main() { return 0; }
Performing C++ SOURCE FILE Test libgav1_all_cxx_flags_pass succeeded with the following output:
Change Dir: /Users/chaolee/AndroidStudio/KaraokePlayer/extensions/av1/.cxx/cmake/debug/x86_64/CMakeFiles/CMakeTmp

Run Build Command:"/Users/chaolee/Library/Android/sdk/cmake/3.10.2.4988404/bin/ninja" "cmTC_7d1f6"
[1/2] Building CXX object CMakeFiles/cmTC_7d1f6.dir/src.cxx.o
[2/2] Linking CXX executable cmTC_7d1f6

Source file was:
int main() { return 0; }
Performing C++ SOURCE FILE Test libgav1_all_cxx_flags_pass succeeded with the following output:
Change Dir: /Users/chaolee/AndroidStudio/KaraokePlayer/extensions/av1/.cxx/cmake/debug/x86_64/CMakeFiles/CMakeTmp

Run Build Command:"/Users/chaolee/Library/Android/sdk/cmake/3.10.2.4988404/bin/ninja" "cmTC_a29f7"
[1/2] Building CXX object CMakeFiles/cmTC_a29f7.dir/src.cxx.o
[2/2] Linking CXX executable cmTC_a29f7

Source file was:
int main() { return 0; }
