Determining if the getauxval exist failed with the following output:
Change Dir: /Users/chaolee/AndroidStudio/KaraokePlayer/extensions/av1/.cxx/cmake/release/armeabi-v7a/CMakeFiles/CMakeTmp

Run Build Command:"/Users/chaolee/Library/Android/sdk/cmake/3.10.2.4988404/bin/ninja" "cmTC_005c9"
[1/2] Building C object CMakeFiles/cmTC_005c9.dir/CheckSymbolExists.c.o
FAILED: CMakeFiles/cmTC_005c9.dir/CheckSymbolExists.c.o 
/Users/chaolee/Library/Android/sdk/ndk-bundle/toolchains/llvm/prebuilt/darwin-x86_64/bin/clang --target=armv7-none-linux-androideabi16 --gcc-toolchain=/Users/chaolee/Library/Android/sdk/ndk-bundle/toolchains/llvm/prebuilt/darwin-x86_64 --sysroot=/Users/chaolee/Library/Android/sdk/ndk-bundle/toolchains/llvm/prebuilt/darwin-x86_64/sysroot   -g -DANDROID -fdata-sections -ffunction-sections -funwind-tables -fstack-protector-strong -no-canonical-prefixes -fno-addrsig -march=armv7-a -mthumb -Wa,--noexecstack -Wformat -Werror=format-security   -fPIE -o CMakeFiles/cmTC_005c9.dir/CheckSymbolExists.c.o   -c CheckSymbolExists.c
CheckSymbolExists.c:8:19: error: use of undeclared identifier 'getauxval'
  return ((int*)(&getauxval))[argc];
                  ^
1 error generated.
ninja: build stopped: subcommand failed.

File /Users/chaolee/AndroidStudio/KaraokePlayer/extensions/av1/.cxx/cmake/release/armeabi-v7a/CMakeFiles/CMakeTmp/CheckSymbolExists.c:
/* */
#include <sys/auxv.h>

int main(int argc, char** argv)
{
  (void)argv;
#ifndef getauxval
  return ((int*)(&getauxval))[argc];
#else
  (void)argc;
  return 0;
#endif
}

Performing C++ SOURCE FILE Test libgav1_all_cxx_flags_pass failed with the following output:
Change Dir: /Users/chaolee/AndroidStudio/KaraokePlayer/extensions/av1/.cxx/cmake/release/armeabi-v7a/CMakeFiles/CMakeTmp

Run Build Command:"/Users/chaolee/Library/Android/sdk/cmake/3.10.2.4988404/bin/ninja" "cmTC_01266"
[1/2] Building CXX object CMakeFiles/cmTC_01266.dir/src.cxx.o
warning: unknown warning option '-Wstack-usage=196608' [-Wunknown-warning-option]
1 warning generated.
[2/2] Linking CXX executable cmTC_01266

Source file was:
int main() { return 0; }
Performing C++ SOURCE FILE Test cxx_flag_test_passed failed with the following output:
Change Dir: /Users/chaolee/AndroidStudio/KaraokePlayer/extensions/av1/.cxx/cmake/release/armeabi-v7a/CMakeFiles/CMakeTmp

Run Build Command:"/Users/chaolee/Library/Android/sdk/cmake/3.10.2.4988404/bin/ninja" "cmTC_51afb"
[1/2] Building CXX object CMakeFiles/cmTC_51afb.dir/src.cxx.o
warning: unknown warning option '-Wstack-usage=196608' [-Wunknown-warning-option]
1 warning generated.
[2/2] Linking CXX executable cmTC_51afb

Source file was:
int main() { return 0; }
