The target system is: Android - 1 - i686
The host system is: Darwin - 19.0.0 - x86_64
Determining if the C compiler works passed with the following output:
Change Dir: /Users/chaolee/AndroidStudio/KaraokePlayer/extensions/av1/.cxx/cmake/release/x86/CMakeFiles/CMakeTmp

Run Build Command:"/Users/chaolee/Library/Android/sdk/cmake/3.10.2.4988404/bin/ninja" "cmTC_fd1c0"
[1/2] Building C object CMakeFiles/cmTC_fd1c0.dir/testCCompiler.c.o
[2/2] Linking C executable cmTC_fd1c0


Detecting C compiler ABI info compiled with the following output:
Change Dir: /Users/chaolee/AndroidStudio/KaraokePlayer/extensions/av1/.cxx/cmake/release/x86/CMakeFiles/CMakeTmp

Run Build Command:"/Users/chaolee/Library/Android/sdk/cmake/3.10.2.4988404/bin/ninja" "cmTC_79dd9"
[1/2] Building C object CMakeFiles/cmTC_79dd9.dir/CMakeCCompilerABI.c.o
[2/2] Linking C executable cmTC_79dd9
Android (5220042 based on r346389c) clang version 8.0.7 (https://android.googlesource.com/toolchain/clang b55f2d4ebfd35bf643d27dbca1bb228957008617) (https://android.googlesource.com/toolchain/llvm 3c393fe7a7e13b0fba4ac75a01aa683d7a5b11cd) (based on LLVM 8.0.7svn)
Target: i686-none-linux-android16
Thread model: posix
InstalledDir: /Users/chaolee/Library/Android/sdk/ndk-bundle/toolchains/llvm/prebuilt/darwin-x86_64/bin
Found candidate GCC installation: /Users/chaolee/Library/Android/sdk/ndk-bundle/toolchains/llvm/prebuilt/darwin-x86_64/lib/gcc/i686-linux-android/4.9.x
Found candidate GCC installation: /Users/chaolee/Library/Android/sdk/ndk-bundle/toolchains/llvm/prebuilt/darwin-x86_64/lib/gcc/x86_64-linux-android/4.9.x
Selected GCC installation: /Users/chaolee/Library/Android/sdk/ndk-bundle/toolchains/llvm/prebuilt/darwin-x86_64/lib/gcc/i686-linux-android/4.9.x
Candidate multilib: .;@m32
Selected multilib: .;@m32
 "/Users/chaolee/Library/Android/sdk/ndk-bundle/toolchains/llvm/prebuilt/darwin-x86_64/lib/gcc/i686-linux-android/4.9.x/../../../../i686-linux-android/bin/ld" --sysroot=/Users/chaolee/Library/Android/sdk/ndk-bundle/toolchains/llvm/prebuilt/darwin-x86_64/sysroot -pie -z now -z relro --hash-style=both --enable-new-dtags --eh-frame-hdr -m elf_i386 -dynamic-linker /system/bin/linker -o cmTC_79dd9 /Users/chaolee/Library/Android/sdk/ndk-bundle/toolchains/llvm/prebuilt/darwin-x86_64/sysroot/usr/lib/i686-linux-android/16/crtbegin_dynamic.o -L/Users/chaolee/Library/Android/sdk/ndk-bundle/toolchains/llvm/prebuilt/darwin-x86_64/lib64/clang/8.0.7/lib/linux/i386 -L/Users/chaolee/Library/Android/sdk/ndk-bundle/toolchains/llvm/prebuilt/darwin-x86_64/lib/gcc/i686-linux-android/4.9.x -L/Users/chaolee/Library/Android/sdk/ndk-bundle/toolchains/llvm/prebuilt/darwin-x86_64/sysroot/usr/lib/i686-linux-android/16 -L/Users/chaolee/Library/Android/sdk/ndk-bundle/toolchains/llvm/prebuilt/darwin-x86_64/sysroot/usr/lib/i686-linux-android -L/Users/chaolee/Library/Android/sdk/ndk-bundle/toolchains/llvm/prebuilt/darwin-x86_64/lib/gcc/i686-linux-android/4.9.x/../../../../i686-linux-android/lib -L/Users/chaolee/Library/Android/sdk/ndk-bundle/toolchains/llvm/prebuilt/darwin-x86_64/sysroot/usr/lib --exclude-libs libgcc.a --exclude-libs libatomic.a --build-id --warn-shared-textrel --fatal-warnings --no-undefined -z noexecstack --gc-sections CMakeFiles/cmTC_79dd9.dir/CMakeCCompilerABI.c.o -lgcc -ldl -lc -lgcc -ldl /Users/chaolee/Library/Android/sdk/ndk-bundle/toolchains/llvm/prebuilt/darwin-x86_64/sysroot/usr/lib/i686-linux-android/16/crtend_android.o


Parsed C implicit link information from above output:
  link line regex: [^( *|.*[/\])(i686-linux-android-ld|CMAKE_LINK_STARTFILE-NOTFOUND|([^/\]+-)?ld|collect2)[^/\]*( |$)]
  ignore line: [Change Dir: /Users/chaolee/AndroidStudio/KaraokePlayer/extensions/av1/.cxx/cmake/release/x86/CMakeFiles/CMakeTmp]
  ignore line: []
  ignore line: [Run Build Command:"/Users/chaolee/Library/Android/sdk/cmake/3.10.2.4988404/bin/ninja" "cmTC_79dd9"]
  ignore line: [[1/2] Building C object CMakeFiles/cmTC_79dd9.dir/CMakeCCompilerABI.c.o]
  ignore line: [[2/2] Linking C executable cmTC_79dd9]
  ignore line: [Android (5220042 based on r346389c) clang version 8.0.7 (https://android.googlesource.com/toolchain/clang b55f2d4ebfd35bf643d27dbca1bb228957008617) (https://android.googlesource.com/toolchain/llvm 3c393fe7a7e13b0fba4ac75a01aa683d7a5b11cd) (based on LLVM 8.0.7svn)]
  ignore line: [Target: i686-none-linux-android16]
  ignore line: [Thread model: posix]
  ignore line: [InstalledDir: /Users/chaolee/Library/Android/sdk/ndk-bundle/toolchains/llvm/prebuilt/darwin-x86_64/bin]
  ignore line: [Found candidate GCC installation: /Users/chaolee/Library/Android/sdk/ndk-bundle/toolchains/llvm/prebuilt/darwin-x86_64/lib/gcc/i686-linux-android/4.9.x]
  ignore line: [Found candidate GCC installation: /Users/chaolee/Library/Android/sdk/ndk-bundle/toolchains/llvm/prebuilt/darwin-x86_64/lib/gcc/x86_64-linux-android/4.9.x]
  ignore line: [Selected GCC installation: /Users/chaolee/Library/Android/sdk/ndk-bundle/toolchains/llvm/prebuilt/darwin-x86_64/lib/gcc/i686-linux-android/4.9.x]
  ignore line: [Candidate multilib: .]
  ignore line: [@m32]
  ignore line: [Selected multilib: .]
  ignore line: [@m32]
  link line: [ "/Users/chaolee/Library/Android/sdk/ndk-bundle/toolchains/llvm/prebuilt/darwin-x86_64/lib/gcc/i686-linux-android/4.9.x/../../../../i686-linux-android/bin/ld" --sysroot=/Users/chaolee/Library/Android/sdk/ndk-bundle/toolchains/llvm/prebuilt/darwin-x86_64/sysroot -pie -z now -z relro --hash-style=both --enable-new-dtags --eh-frame-hdr -m elf_i386 -dynamic-linker /system/bin/linker -o cmTC_79dd9 /Users/chaolee/Library/Android/sdk/ndk-bundle/toolchains/llvm/prebuilt/darwin-x86_64/sysroot/usr/lib/i686-linux-android/16/crtbegin_dynamic.o -L/Users/chaolee/Library/Android/sdk/ndk-bundle/toolchains/llvm/prebuilt/darwin-x86_64/lib64/clang/8.0.7/lib/linux/i386 -L/Users/chaolee/Library/Android/sdk/ndk-bundle/toolchains/llvm/prebuilt/darwin-x86_64/lib/gcc/i686-linux-android/4.9.x -L/Users/chaolee/Library/Android/sdk/ndk-bundle/toolchains/llvm/prebuilt/darwin-x86_64/sysroot/usr/lib/i686-linux-android/16 -L/Users/chaolee/Library/Android/sdk/ndk-bundle/toolchains/llvm/prebuilt/darwin-x86_64/sysroot/usr/lib/i686-linux-android -L/Users/chaolee/Library/Android/sdk/ndk-bundle/toolchains/llvm/prebuilt/darwin-x86_64/lib/gcc/i686-linux-android/4.9.x/../../../../i686-linux-android/lib -L/Users/chaolee/Library/Android/sdk/ndk-bundle/toolchains/llvm/prebuilt/darwin-x86_64/sysroot/usr/lib --exclude-libs libgcc.a --exclude-libs libatomic.a --build-id --warn-shared-textrel --fatal-warnings --no-undefined -z noexecstack --gc-sections CMakeFiles/cmTC_79dd9.dir/CMakeCCompilerABI.c.o -lgcc -ldl -lc -lgcc -ldl /Users/chaolee/Library/Android/sdk/ndk-bundle/toolchains/llvm/prebuilt/darwin-x86_64/sysroot/usr/lib/i686-linux-android/16/crtend_android.o]
    arg [/Users/chaolee/Library/Android/sdk/ndk-bundle/toolchains/llvm/prebuilt/darwin-x86_64/lib/gcc/i686-linux-android/4.9.x/../../../../i686-linux-android/bin/ld] ==> ignore
    arg [--sysroot=/Users/chaolee/Library/Android/sdk/ndk-bundle/toolchains/llvm/prebuilt/darwin-x86_64/sysroot] ==> ignore
    arg [-pie] ==> ignore
    arg [-znow] ==> ignore
    arg [-zrelro] ==> ignore
    arg [--hash-style=both] ==> ignore
    arg [--enable-new-dtags] ==> ignore
    arg [--eh-frame-hdr] ==> ignore
    arg [-m] ==> ignore
    arg [elf_i386] ==> ignore
    arg [-dynamic-linker] ==> ignore
    arg [/system/bin/linker] ==> ignore
    arg [-o] ==> ignore
    arg [cmTC_79dd9] ==> ignore
    arg [/Users/chaolee/Library/Android/sdk/ndk-bundle/toolchains/llvm/prebuilt/darwin-x86_64/sysroot/usr/lib/i686-linux-android/16/crtbegin_dynamic.o] ==> ignore
    arg [-L/Users/chaolee/Library/Android/sdk/ndk-bundle/toolchains/llvm/prebuilt/darwin-x86_64/lib64/clang/8.0.7/lib/linux/i386] ==> dir [/Users/chaolee/Library/Android/sdk/ndk-bundle/toolchains/llvm/prebuilt/darwin-x86_64/lib64/clang/8.0.7/lib/linux/i386]
    arg [-L/Users/chaolee/Library/Android/sdk/ndk-bundle/toolchains/llvm/prebuilt/darwin-x86_64/lib/gcc/i686-linux-android/4.9.x] ==> dir [/Users/chaolee/Library/Android/sdk/ndk-bundle/toolchains/llvm/prebuilt/darwin-x86_64/lib/gcc/i686-linux-android/4.9.x]
    arg [-L/Users/chaolee/Library/Android/sdk/ndk-bundle/toolchains/llvm/prebuilt/darwin-x86_64/sysroot/usr/lib/i686-linux-android/16] ==> dir [/Users/chaolee/Library/Android/sdk/ndk-bundle/toolchains/llvm/prebuilt/darwin-x86_64/sysroot/usr/lib/i686-linux-android/16]
    arg [-L/Users/chaolee/Library/Android/sdk/ndk-bundle/toolchains/llvm/prebuilt/darwin-x86_64/sysroot/usr/lib/i686-linux-android] ==> dir [/Users/chaolee/Library/Android/sdk/ndk-bundle/toolchains/llvm/prebuilt/darwin-x86_64/sysroot/usr/lib/i686-linux-android]
    arg [-L/Users/chaolee/Library/Android/sdk/ndk-bundle/toolchains/llvm/prebuilt/darwin-x86_64/lib/gcc/i686-linux-android/4.9.x/../../../../i686-linux-android/lib] ==> dir [/Users/chaolee/Library/Android/sdk/ndk-bundle/toolchains/llvm/prebuilt/darwin-x86_64/lib/gcc/i686-linux-android/4.9.x/../../../../i686-linux-android/lib]
    arg [-L/Users/chaolee/Library/Android/sdk/ndk-bundle/toolchains/llvm/prebuilt/darwin-x86_64/sysroot/usr/lib] ==> dir [/Users/chaolee/Library/Android/sdk/ndk-bundle/toolchains/llvm/prebuilt/darwin-x86_64/sysroot/usr/lib]
    arg [--exclude-libs] ==> ignore
    arg [libgcc.a] ==> ignore
    arg [--exclude-libs] ==> ignore
    arg [libatomic.a] ==> ignore
    arg [--build-id] ==> ignore
    arg [--warn-shared-textrel] ==> ignore
    arg [--fatal-warnings] ==> ignore
    arg [--no-undefined] ==> ignore
    arg [-znoexecstack] ==> ignore
    arg [--gc-sections] ==> ignore
    arg [CMakeFiles/cmTC_79dd9.dir/CMakeCCompilerABI.c.o] ==> ignore
    arg [-lgcc] ==> lib [gcc]
    arg [-ldl] ==> lib [dl]
    arg [-lc] ==> lib [c]
    arg [-lgcc] ==> lib [gcc]
    arg [-ldl] ==> lib [dl]
    arg [/Users/chaolee/Library/Android/sdk/ndk-bundle/toolchains/llvm/prebuilt/darwin-x86_64/sysroot/usr/lib/i686-linux-android/16/crtend_android.o] ==> ignore
  collapse library dir [/Users/chaolee/Library/Android/sdk/ndk-bundle/toolchains/llvm/prebuilt/darwin-x86_64/lib64/clang/8.0.7/lib/linux/i386] ==> [/Users/chaolee/Library/Android/sdk/ndk-bundle/toolchains/llvm/prebuilt/darwin-x86_64/lib64/clang/8.0.7/lib/linux/i386]
  collapse library dir [/Users/chaolee/Library/Android/sdk/ndk-bundle/toolchains/llvm/prebuilt/darwin-x86_64/lib/gcc/i686-linux-android/4.9.x] ==> [/Users/chaolee/Library/Android/sdk/ndk-bundle/toolchains/llvm/prebuilt/darwin-x86_64/lib/gcc/i686-linux-android/4.9.x]
  collapse library dir [/Users/chaolee/Library/Android/sdk/ndk-bundle/toolchains/llvm/prebuilt/darwin-x86_64/sysroot/usr/lib/i686-linux-android/16] ==> [/Users/chaolee/Library/Android/sdk/ndk-bundle/toolchains/llvm/prebuilt/darwin-x86_64/sysroot/usr/lib/i686-linux-android/16]
  collapse library dir [/Users/chaolee/Library/Android/sdk/ndk-bundle/toolchains/llvm/prebuilt/darwin-x86_64/sysroot/usr/lib/i686-linux-android] ==> [/Users/chaolee/Library/Android/sdk/ndk-bundle/toolchains/llvm/prebuilt/darwin-x86_64/sysroot/usr/lib/i686-linux-android]
  collapse library dir [/Users/chaolee/Library/Android/sdk/ndk-bundle/toolchains/llvm/prebuilt/darwin-x86_64/lib/gcc/i686-linux-android/4.9.x/../../../../i686-linux-android/lib] ==> [/Users/chaolee/Library/Android/sdk/ndk-bundle/toolchains/llvm/prebuilt/darwin-x86_64/i686-linux-android/lib]
  collapse library dir [/Users/chaolee/Library/Android/sdk/ndk-bundle/toolchains/llvm/prebuilt/darwin-x86_64/sysroot/usr/lib] ==> [/Users/chaolee/Library/Android/sdk/ndk-bundle/toolchains/llvm/prebuilt/darwin-x86_64/sysroot/usr/lib]
  implicit libs: [gcc;dl;c;gcc;dl]
  implicit dirs: [/Users/chaolee/Library/Android/sdk/ndk-bundle/toolchains/llvm/prebuilt/darwin-x86_64/lib64/clang/8.0.7/lib/linux/i386;/Users/chaolee/Library/Android/sdk/ndk-bundle/toolchains/llvm/prebuilt/darwin-x86_64/lib/gcc/i686-linux-android/4.9.x;/Users/chaolee/Library/Android/sdk/ndk-bundle/toolchains/llvm/prebuilt/darwin-x86_64/sysroot/usr/lib/i686-linux-android/16;/Users/chaolee/Library/Android/sdk/ndk-bundle/toolchains/llvm/prebuilt/darwin-x86_64/sysroot/usr/lib/i686-linux-android;/Users/chaolee/Library/Android/sdk/ndk-bundle/toolchains/llvm/prebuilt/darwin-x86_64/i686-linux-android/lib;/Users/chaolee/Library/Android/sdk/ndk-bundle/toolchains/llvm/prebuilt/darwin-x86_64/sysroot/usr/lib]
  implicit fwks: []




Detecting C [-std=c11] compiler features compiled with the following output:
Change Dir: /Users/chaolee/AndroidStudio/KaraokePlayer/extensions/av1/.cxx/cmake/release/x86/CMakeFiles/CMakeTmp

Run Build Command:"/Users/chaolee/Library/Android/sdk/cmake/3.10.2.4988404/bin/ninja" "cmTC_8055b"
[1/2] Building C object CMakeFiles/cmTC_8055b.dir/feature_tests.c.o
[2/2] Linking C executable cmTC_8055b


    Feature record: C_FEATURE:1c_function_prototypes
    Feature record: C_FEATURE:1c_restrict
    Feature record: C_FEATURE:1c_static_assert
    Feature record: C_FEATURE:1c_variadic_macros


Detecting C [-std=c99] compiler features compiled with the following output:
Change Dir: /Users/chaolee/AndroidStudio/KaraokePlayer/extensions/av1/.cxx/cmake/release/x86/CMakeFiles/CMakeTmp

Run Build Command:"/Users/chaolee/Library/Android/sdk/cmake/3.10.2.4988404/bin/ninja" "cmTC_acf5e"
[1/2] Building C object CMakeFiles/cmTC_acf5e.dir/feature_tests.c.o
[2/2] Linking C executable cmTC_acf5e


    Feature record: C_FEATURE:1c_function_prototypes
    Feature record: C_FEATURE:1c_restrict
    Feature record: C_FEATURE:0c_static_assert
    Feature record: C_FEATURE:1c_variadic_macros


Detecting C [-std=c90] compiler features compiled with the following output:
Change Dir: /Users/chaolee/AndroidStudio/KaraokePlayer/extensions/av1/.cxx/cmake/release/x86/CMakeFiles/CMakeTmp

Run Build Command:"/Users/chaolee/Library/Android/sdk/cmake/3.10.2.4988404/bin/ninja" "cmTC_55d47"
[1/2] Building C object CMakeFiles/cmTC_55d47.dir/feature_tests.c.o
[2/2] Linking C executable cmTC_55d47


    Feature record: C_FEATURE:1c_function_prototypes
    Feature record: C_FEATURE:0c_restrict
    Feature record: C_FEATURE:0c_static_assert
    Feature record: C_FEATURE:0c_variadic_macros
Determining if the CXX compiler works passed with the following output:
Change Dir: /Users/chaolee/AndroidStudio/KaraokePlayer/extensions/av1/.cxx/cmake/release/x86/CMakeFiles/CMakeTmp

Run Build Command:"/Users/chaolee/Library/Android/sdk/cmake/3.10.2.4988404/bin/ninja" "cmTC_f9a8c"
[1/2] Building CXX object CMakeFiles/cmTC_f9a8c.dir/testCXXCompiler.cxx.o
[2/2] Linking CXX executable cmTC_f9a8c


Detecting CXX compiler ABI info compiled with the following output:
Change Dir: /Users/chaolee/AndroidStudio/KaraokePlayer/extensions/av1/.cxx/cmake/release/x86/CMakeFiles/CMakeTmp

Run Build Command:"/Users/chaolee/Library/Android/sdk/cmake/3.10.2.4988404/bin/ninja" "cmTC_2a884"
[1/2] Building CXX object CMakeFiles/cmTC_2a884.dir/CMakeCXXCompilerABI.cpp.o
[2/2] Linking CXX executable cmTC_2a884
Android (5220042 based on r346389c) clang version 8.0.7 (https://android.googlesource.com/toolchain/clang b55f2d4ebfd35bf643d27dbca1bb228957008617) (https://android.googlesource.com/toolchain/llvm 3c393fe7a7e13b0fba4ac75a01aa683d7a5b11cd) (based on LLVM 8.0.7svn)
Target: i686-none-linux-android16
Thread model: posix
InstalledDir: /Users/chaolee/Library/Android/sdk/ndk-bundle/toolchains/llvm/prebuilt/darwin-x86_64/bin
Found candidate GCC installation: /Users/chaolee/Library/Android/sdk/ndk-bundle/toolchains/llvm/prebuilt/darwin-x86_64/lib/gcc/i686-linux-android/4.9.x
Found candidate GCC installation: /Users/chaolee/Library/Android/sdk/ndk-bundle/toolchains/llvm/prebuilt/darwin-x86_64/lib/gcc/x86_64-linux-android/4.9.x
Selected GCC installation: /Users/chaolee/Library/Android/sdk/ndk-bundle/toolchains/llvm/prebuilt/darwin-x86_64/lib/gcc/i686-linux-android/4.9.x
Candidate multilib: .;@m32
Selected multilib: .;@m32
 "/Users/chaolee/Library/Android/sdk/ndk-bundle/toolchains/llvm/prebuilt/darwin-x86_64/lib/gcc/i686-linux-android/4.9.x/../../../../i686-linux-android/bin/ld" --sysroot=/Users/chaolee/Library/Android/sdk/ndk-bundle/toolchains/llvm/prebuilt/darwin-x86_64/sysroot -pie -z now -z relro --hash-style=both --enable-new-dtags --eh-frame-hdr -m elf_i386 -dynamic-linker /system/bin/linker -o cmTC_2a884 /Users/chaolee/Library/Android/sdk/ndk-bundle/toolchains/llvm/prebuilt/darwin-x86_64/sysroot/usr/lib/i686-linux-android/16/crtbegin_dynamic.o -L/Users/chaolee/Library/Android/sdk/ndk-bundle/toolchains/llvm/prebuilt/darwin-x86_64/lib64/clang/8.0.7/lib/linux/i386 -L/Users/chaolee/Library/Android/sdk/ndk-bundle/toolchains/llvm/prebuilt/darwin-x86_64/lib/gcc/i686-linux-android/4.9.x -L/Users/chaolee/Library/Android/sdk/ndk-bundle/toolchains/llvm/prebuilt/darwin-x86_64/sysroot/usr/lib/i686-linux-android/16 -L/Users/chaolee/Library/Android/sdk/ndk-bundle/toolchains/llvm/prebuilt/darwin-x86_64/sysroot/usr/lib/i686-linux-android -L/Users/chaolee/Library/Android/sdk/ndk-bundle/toolchains/llvm/prebuilt/darwin-x86_64/lib/gcc/i686-linux-android/4.9.x/../../../../i686-linux-android/lib -L/Users/chaolee/Library/Android/sdk/ndk-bundle/toolchains/llvm/prebuilt/darwin-x86_64/sysroot/usr/lib --exclude-libs libgcc.a --exclude-libs libatomic.a --build-id --warn-shared-textrel --fatal-warnings --no-undefined -z noexecstack --gc-sections CMakeFiles/cmTC_2a884.dir/CMakeCXXCompilerABI.cpp.o -Bstatic -lc++ -Bdynamic -lm -lgcc -ldl -lc -lgcc -ldl /Users/chaolee/Library/Android/sdk/ndk-bundle/toolchains/llvm/prebuilt/darwin-x86_64/sysroot/usr/lib/i686-linux-android/16/crtend_android.o


Parsed CXX implicit link information from above output:
  link line regex: [^( *|.*[/\])(i686-linux-android-ld|CMAKE_LINK_STARTFILE-NOTFOUND|([^/\]+-)?ld|collect2)[^/\]*( |$)]
  ignore line: [Change Dir: /Users/chaolee/AndroidStudio/KaraokePlayer/extensions/av1/.cxx/cmake/release/x86/CMakeFiles/CMakeTmp]
  ignore line: []
  ignore line: [Run Build Command:"/Users/chaolee/Library/Android/sdk/cmake/3.10.2.4988404/bin/ninja" "cmTC_2a884"]
  ignore line: [[1/2] Building CXX object CMakeFiles/cmTC_2a884.dir/CMakeCXXCompilerABI.cpp.o]
  ignore line: [[2/2] Linking CXX executable cmTC_2a884]
  ignore line: [Android (5220042 based on r346389c) clang version 8.0.7 (https://android.googlesource.com/toolchain/clang b55f2d4ebfd35bf643d27dbca1bb228957008617) (https://android.googlesource.com/toolchain/llvm 3c393fe7a7e13b0fba4ac75a01aa683d7a5b11cd) (based on LLVM 8.0.7svn)]
  ignore line: [Target: i686-none-linux-android16]
  ignore line: [Thread model: posix]
  ignore line: [InstalledDir: /Users/chaolee/Library/Android/sdk/ndk-bundle/toolchains/llvm/prebuilt/darwin-x86_64/bin]
  ignore line: [Found candidate GCC installation: /Users/chaolee/Library/Android/sdk/ndk-bundle/toolchains/llvm/prebuilt/darwin-x86_64/lib/gcc/i686-linux-android/4.9.x]
  ignore line: [Found candidate GCC installation: /Users/chaolee/Library/Android/sdk/ndk-bundle/toolchains/llvm/prebuilt/darwin-x86_64/lib/gcc/x86_64-linux-android/4.9.x]
  ignore line: [Selected GCC installation: /Users/chaolee/Library/Android/sdk/ndk-bundle/toolchains/llvm/prebuilt/darwin-x86_64/lib/gcc/i686-linux-android/4.9.x]
  ignore line: [Candidate multilib: .]
  ignore line: [@m32]
  ignore line: [Selected multilib: .]
  ignore line: [@m32]
  link line: [ "/Users/chaolee/Library/Android/sdk/ndk-bundle/toolchains/llvm/prebuilt/darwin-x86_64/lib/gcc/i686-linux-android/4.9.x/../../../../i686-linux-android/bin/ld" --sysroot=/Users/chaolee/Library/Android/sdk/ndk-bundle/toolchains/llvm/prebuilt/darwin-x86_64/sysroot -pie -z now -z relro --hash-style=both --enable-new-dtags --eh-frame-hdr -m elf_i386 -dynamic-linker /system/bin/linker -o cmTC_2a884 /Users/chaolee/Library/Android/sdk/ndk-bundle/toolchains/llvm/prebuilt/darwin-x86_64/sysroot/usr/lib/i686-linux-android/16/crtbegin_dynamic.o -L/Users/chaolee/Library/Android/sdk/ndk-bundle/toolchains/llvm/prebuilt/darwin-x86_64/lib64/clang/8.0.7/lib/linux/i386 -L/Users/chaolee/Library/Android/sdk/ndk-bundle/toolchains/llvm/prebuilt/darwin-x86_64/lib/gcc/i686-linux-android/4.9.x -L/Users/chaolee/Library/Android/sdk/ndk-bundle/toolchains/llvm/prebuilt/darwin-x86_64/sysroot/usr/lib/i686-linux-android/16 -L/Users/chaolee/Library/Android/sdk/ndk-bundle/toolchains/llvm/prebuilt/darwin-x86_64/sysroot/usr/lib/i686-linux-android -L/Users/chaolee/Library/Android/sdk/ndk-bundle/toolchains/llvm/prebuilt/darwin-x86_64/lib/gcc/i686-linux-android/4.9.x/../../../../i686-linux-android/lib -L/Users/chaolee/Library/Android/sdk/ndk-bundle/toolchains/llvm/prebuilt/darwin-x86_64/sysroot/usr/lib --exclude-libs libgcc.a --exclude-libs libatomic.a --build-id --warn-shared-textrel --fatal-warnings --no-undefined -z noexecstack --gc-sections CMakeFiles/cmTC_2a884.dir/CMakeCXXCompilerABI.cpp.o -Bstatic -lc++ -Bdynamic -lm -lgcc -ldl -lc -lgcc -ldl /Users/chaolee/Library/Android/sdk/ndk-bundle/toolchains/llvm/prebuilt/darwin-x86_64/sysroot/usr/lib/i686-linux-android/16/crtend_android.o]
    arg [/Users/chaolee/Library/Android/sdk/ndk-bundle/toolchains/llvm/prebuilt/darwin-x86_64/lib/gcc/i686-linux-android/4.9.x/../../../../i686-linux-android/bin/ld] ==> ignore
    arg [--sysroot=/Users/chaolee/Library/Android/sdk/ndk-bundle/toolchains/llvm/prebuilt/darwin-x86_64/sysroot] ==> ignore
    arg [-pie] ==> ignore
    arg [-znow] ==> ignore
    arg [-zrelro] ==> ignore
    arg [--hash-style=both] ==> ignore
    arg [--enable-new-dtags] ==> ignore
    arg [--eh-frame-hdr] ==> ignore
    arg [-m] ==> ignore
    arg [elf_i386] ==> ignore
    arg [-dynamic-linker] ==> ignore
    arg [/system/bin/linker] ==> ignore
    arg [-o] ==> ignore
    arg [cmTC_2a884] ==> ignore
    arg [/Users/chaolee/Library/Android/sdk/ndk-bundle/toolchains/llvm/prebuilt/darwin-x86_64/sysroot/usr/lib/i686-linux-android/16/crtbegin_dynamic.o] ==> ignore
    arg [-L/Users/chaolee/Library/Android/sdk/ndk-bundle/toolchains/llvm/prebuilt/darwin-x86_64/lib64/clang/8.0.7/lib/linux/i386] ==> dir [/Users/chaolee/Library/Android/sdk/ndk-bundle/toolchains/llvm/prebuilt/darwin-x86_64/lib64/clang/8.0.7/lib/linux/i386]
    arg [-L/Users/chaolee/Library/Android/sdk/ndk-bundle/toolchains/llvm/prebuilt/darwin-x86_64/lib/gcc/i686-linux-android/4.9.x] ==> dir [/Users/chaolee/Library/Android/sdk/ndk-bundle/toolchains/llvm/prebuilt/darwin-x86_64/lib/gcc/i686-linux-android/4.9.x]
    arg [-L/Users/chaolee/Library/Android/sdk/ndk-bundle/toolchains/llvm/prebuilt/darwin-x86_64/sysroot/usr/lib/i686-linux-android/16] ==> dir [/Users/chaolee/Library/Android/sdk/ndk-bundle/toolchains/llvm/prebuilt/darwin-x86_64/sysroot/usr/lib/i686-linux-android/16]
    arg [-L/Users/chaolee/Library/Android/sdk/ndk-bundle/toolchains/llvm/prebuilt/darwin-x86_64/sysroot/usr/lib/i686-linux-android] ==> dir [/Users/chaolee/Library/Android/sdk/ndk-bundle/toolchains/llvm/prebuilt/darwin-x86_64/sysroot/usr/lib/i686-linux-android]
    arg [-L/Users/chaolee/Library/Android/sdk/ndk-bundle/toolchains/llvm/prebuilt/darwin-x86_64/lib/gcc/i686-linux-android/4.9.x/../../../../i686-linux-android/lib] ==> dir [/Users/chaolee/Library/Android/sdk/ndk-bundle/toolchains/llvm/prebuilt/darwin-x86_64/lib/gcc/i686-linux-android/4.9.x/../../../../i686-linux-android/lib]
    arg [-L/Users/chaolee/Library/Android/sdk/ndk-bundle/toolchains/llvm/prebuilt/darwin-x86_64/sysroot/usr/lib] ==> dir [/Users/chaolee/Library/Android/sdk/ndk-bundle/toolchains/llvm/prebuilt/darwin-x86_64/sysroot/usr/lib]
    arg [--exclude-libs] ==> ignore
    arg [libgcc.a] ==> ignore
    arg [--exclude-libs] ==> ignore
    arg [libatomic.a] ==> ignore
    arg [--build-id] ==> ignore
    arg [--warn-shared-textrel] ==> ignore
    arg [--fatal-warnings] ==> ignore
    arg [--no-undefined] ==> ignore
    arg [-znoexecstack] ==> ignore
    arg [--gc-sections] ==> ignore
    arg [CMakeFiles/cmTC_2a884.dir/CMakeCXXCompilerABI.cpp.o] ==> ignore
    arg [-Bstatic] ==> ignore
    arg [-lc++] ==> lib [c++]
    arg [-Bdynamic] ==> ignore
    arg [-lm] ==> lib [m]
    arg [-lgcc] ==> lib [gcc]
    arg [-ldl] ==> lib [dl]
    arg [-lc] ==> lib [c]
    arg [-lgcc] ==> lib [gcc]
    arg [-ldl] ==> lib [dl]
    arg [/Users/chaolee/Library/Android/sdk/ndk-bundle/toolchains/llvm/prebuilt/darwin-x86_64/sysroot/usr/lib/i686-linux-android/16/crtend_android.o] ==> ignore
  collapse library dir [/Users/chaolee/Library/Android/sdk/ndk-bundle/toolchains/llvm/prebuilt/darwin-x86_64/lib64/clang/8.0.7/lib/linux/i386] ==> [/Users/chaolee/Library/Android/sdk/ndk-bundle/toolchains/llvm/prebuilt/darwin-x86_64/lib64/clang/8.0.7/lib/linux/i386]
  collapse library dir [/Users/chaolee/Library/Android/sdk/ndk-bundle/toolchains/llvm/prebuilt/darwin-x86_64/lib/gcc/i686-linux-android/4.9.x] ==> [/Users/chaolee/Library/Android/sdk/ndk-bundle/toolchains/llvm/prebuilt/darwin-x86_64/lib/gcc/i686-linux-android/4.9.x]
  collapse library dir [/Users/chaolee/Library/Android/sdk/ndk-bundle/toolchains/llvm/prebuilt/darwin-x86_64/sysroot/usr/lib/i686-linux-android/16] ==> [/Users/chaolee/Library/Android/sdk/ndk-bundle/toolchains/llvm/prebuilt/darwin-x86_64/sysroot/usr/lib/i686-linux-android/16]
  collapse library dir [/Users/chaolee/Library/Android/sdk/ndk-bundle/toolchains/llvm/prebuilt/darwin-x86_64/sysroot/usr/lib/i686-linux-android] ==> [/Users/chaolee/Library/Android/sdk/ndk-bundle/toolchains/llvm/prebuilt/darwin-x86_64/sysroot/usr/lib/i686-linux-android]
  collapse library dir [/Users/chaolee/Library/Android/sdk/ndk-bundle/toolchains/llvm/prebuilt/darwin-x86_64/lib/gcc/i686-linux-android/4.9.x/../../../../i686-linux-android/lib] ==> [/Users/chaolee/Library/Android/sdk/ndk-bundle/toolchains/llvm/prebuilt/darwin-x86_64/i686-linux-android/lib]
  collapse library dir [/Users/chaolee/Library/Android/sdk/ndk-bundle/toolchains/llvm/prebuilt/darwin-x86_64/sysroot/usr/lib] ==> [/Users/chaolee/Library/Android/sdk/ndk-bundle/toolchains/llvm/prebuilt/darwin-x86_64/sysroot/usr/lib]
  implicit libs: [c++;m;gcc;dl;c;gcc;dl]
  implicit dirs: [/Users/chaolee/Library/Android/sdk/ndk-bundle/toolchains/llvm/prebuilt/darwin-x86_64/lib64/clang/8.0.7/lib/linux/i386;/Users/chaolee/Library/Android/sdk/ndk-bundle/toolchains/llvm/prebuilt/darwin-x86_64/lib/gcc/i686-linux-android/4.9.x;/Users/chaolee/Library/Android/sdk/ndk-bundle/toolchains/llvm/prebuilt/darwin-x86_64/sysroot/usr/lib/i686-linux-android/16;/Users/chaolee/Library/Android/sdk/ndk-bundle/toolchains/llvm/prebuilt/darwin-x86_64/sysroot/usr/lib/i686-linux-android;/Users/chaolee/Library/Android/sdk/ndk-bundle/toolchains/llvm/prebuilt/darwin-x86_64/i686-linux-android/lib;/Users/chaolee/Library/Android/sdk/ndk-bundle/toolchains/llvm/prebuilt/darwin-x86_64/sysroot/usr/lib]
  implicit fwks: []




Detecting CXX [-std=c++1z] compiler features compiled with the following output:
Change Dir: /Users/chaolee/AndroidStudio/KaraokePlayer/extensions/av1/.cxx/cmake/release/x86/CMakeFiles/CMakeTmp

Run Build Command:"/Users/chaolee/Library/Android/sdk/cmake/3.10.2.4988404/bin/ninja" "cmTC_6ab4a"
[1/2] Building CXX object CMakeFiles/cmTC_6ab4a.dir/feature_tests.cxx.o
[2/2] Linking CXX executable cmTC_6ab4a


    Feature record: CXX_FEATURE:1cxx_aggregate_default_initializers
    Feature record: CXX_FEATURE:1cxx_alias_templates
    Feature record: CXX_FEATURE:1cxx_alignas
    Feature record: CXX_FEATURE:1cxx_alignof
    Feature record: CXX_FEATURE:1cxx_attributes
    Feature record: CXX_FEATURE:1cxx_attribute_deprecated
    Feature record: CXX_FEATURE:1cxx_auto_type
    Feature record: CXX_FEATURE:1cxx_binary_literals
    Feature record: CXX_FEATURE:1cxx_constexpr
    Feature record: CXX_FEATURE:1cxx_contextual_conversions
    Feature record: CXX_FEATURE:1cxx_decltype
    Feature record: CXX_FEATURE:1cxx_decltype_auto
    Feature record: CXX_FEATURE:1cxx_decltype_incomplete_return_types
    Feature record: CXX_FEATURE:1cxx_default_function_template_args
    Feature record: CXX_FEATURE:1cxx_defaulted_functions
    Feature record: CXX_FEATURE:1cxx_defaulted_move_initializers
    Feature record: CXX_FEATURE:1cxx_delegating_constructors
    Feature record: CXX_FEATURE:1cxx_deleted_functions
    Feature record: CXX_FEATURE:1cxx_digit_separators
    Feature record: CXX_FEATURE:1cxx_enum_forward_declarations
    Feature record: CXX_FEATURE:1cxx_explicit_conversions
    Feature record: CXX_FEATURE:1cxx_extended_friend_declarations
    Feature record: CXX_FEATURE:1cxx_extern_templates
    Feature record: CXX_FEATURE:1cxx_final
    Feature record: CXX_FEATURE:1cxx_func_identifier
    Feature record: CXX_FEATURE:1cxx_generalized_initializers
    Feature record: CXX_FEATURE:1cxx_generic_lambdas
    Feature record: CXX_FEATURE:1cxx_inheriting_constructors
    Feature record: CXX_FEATURE:1cxx_inline_namespaces
    Feature record: CXX_FEATURE:1cxx_lambdas
    Feature record: CXX_FEATURE:1cxx_lambda_init_captures
    Feature record: CXX_FEATURE:1cxx_local_type_template_args
    Feature record: CXX_FEATURE:1cxx_long_long_type
    Feature record: CXX_FEATURE:1cxx_noexcept
    Feature record: CXX_FEATURE:1cxx_nonstatic_member_init
    Feature record: CXX_FEATURE:1cxx_nullptr
    Feature record: CXX_FEATURE:1cxx_override
    Feature record: CXX_FEATURE:1cxx_range_for
    Feature record: CXX_FEATURE:1cxx_raw_string_literals
    Feature record: CXX_FEATURE:1cxx_reference_qualified_functions
    Feature record: CXX_FEATURE:1cxx_relaxed_constexpr
    Feature record: CXX_FEATURE:1cxx_return_type_deduction
    Feature record: CXX_FEATURE:1cxx_right_angle_brackets
    Feature record: CXX_FEATURE:1cxx_rvalue_references
    Feature record: CXX_FEATURE:1cxx_sizeof_member
    Feature record: CXX_FEATURE:1cxx_static_assert
    Feature record: CXX_FEATURE:1cxx_strong_enums
    Feature record: CXX_FEATURE:1cxx_template_template_parameters
    Feature record: CXX_FEATURE:1cxx_thread_local
    Feature record: CXX_FEATURE:1cxx_trailing_return_types
    Feature record: CXX_FEATURE:1cxx_unicode_literals
    Feature record: CXX_FEATURE:1cxx_uniform_initialization
    Feature record: CXX_FEATURE:1cxx_unrestricted_unions
    Feature record: CXX_FEATURE:1cxx_user_literals
    Feature record: CXX_FEATURE:1cxx_variable_templates
    Feature record: CXX_FEATURE:1cxx_variadic_macros
    Feature record: CXX_FEATURE:1cxx_variadic_templates


Detecting CXX [-std=c++14] compiler features compiled with the following output:
Change Dir: /Users/chaolee/AndroidStudio/KaraokePlayer/extensions/av1/.cxx/cmake/release/x86/CMakeFiles/CMakeTmp

Run Build Command:"/Users/chaolee/Library/Android/sdk/cmake/3.10.2.4988404/bin/ninja" "cmTC_889bf"
[1/2] Building CXX object CMakeFiles/cmTC_889bf.dir/feature_tests.cxx.o
[2/2] Linking CXX executable cmTC_889bf


    Feature record: CXX_FEATURE:1cxx_aggregate_default_initializers
    Feature record: CXX_FEATURE:1cxx_alias_templates
    Feature record: CXX_FEATURE:1cxx_alignas
    Feature record: CXX_FEATURE:1cxx_alignof
    Feature record: CXX_FEATURE:1cxx_attributes
    Feature record: CXX_FEATURE:1cxx_attribute_deprecated
    Feature record: CXX_FEATURE:1cxx_auto_type
    Feature record: CXX_FEATURE:1cxx_binary_literals
    Feature record: CXX_FEATURE:1cxx_constexpr
    Feature record: CXX_FEATURE:1cxx_contextual_conversions
    Feature record: CXX_FEATURE:1cxx_decltype
    Feature record: CXX_FEATURE:1cxx_decltype_auto
    Feature record: CXX_FEATURE:1cxx_decltype_incomplete_return_types
    Feature record: CXX_FEATURE:1cxx_default_function_template_args
    Feature record: CXX_FEATURE:1cxx_defaulted_functions
    Feature record: CXX_FEATURE:1cxx_defaulted_move_initializers
    Feature record: CXX_FEATURE:1cxx_delegating_constructors
    Feature record: CXX_FEATURE:1cxx_deleted_functions
    Feature record: CXX_FEATURE:1cxx_digit_separators
    Feature record: CXX_FEATURE:1cxx_enum_forward_declarations
    Feature record: CXX_FEATURE:1cxx_explicit_conversions
    Feature record: CXX_FEATURE:1cxx_extended_friend_declarations
    Feature record: CXX_FEATURE:1cxx_extern_templates
    Feature record: CXX_FEATURE:1cxx_final
    Feature record: CXX_FEATURE:1cxx_func_identifier
    Feature record: CXX_FEATURE:1cxx_generalized_initializers
    Feature record: CXX_FEATURE:1cxx_generic_lambdas
    Feature record: CXX_FEATURE:1cxx_inheriting_constructors
    Feature record: CXX_FEATURE:1cxx_inline_namespaces
    Feature record: CXX_FEATURE:1cxx_lambdas
    Feature record: CXX_FEATURE:1cxx_lambda_init_captures
    Feature record: CXX_FEATURE:1cxx_local_type_template_args
    Feature record: CXX_FEATURE:1cxx_long_long_type
    Feature record: CXX_FEATURE:1cxx_noexcept
    Feature record: CXX_FEATURE:1cxx_nonstatic_member_init
    Feature record: CXX_FEATURE:1cxx_nullptr
    Feature record: CXX_FEATURE:1cxx_override
    Feature record: CXX_FEATURE:1cxx_range_for
    Feature record: CXX_FEATURE:1cxx_raw_string_literals
    Feature record: CXX_FEATURE:1cxx_reference_qualified_functions
    Feature record: CXX_FEATURE:1cxx_relaxed_constexpr
    Feature record: CXX_FEATURE:1cxx_return_type_deduction
    Feature record: CXX_FEATURE:1cxx_right_angle_brackets
    Feature record: CXX_FEATURE:1cxx_rvalue_references
    Feature record: CXX_FEATURE:1cxx_sizeof_member
    Feature record: CXX_FEATURE:1cxx_static_assert
    Feature record: CXX_FEATURE:1cxx_strong_enums
    Feature record: CXX_FEATURE:1cxx_template_template_parameters
    Feature record: CXX_FEATURE:1cxx_thread_local
    Feature record: CXX_FEATURE:1cxx_trailing_return_types
    Feature record: CXX_FEATURE:1cxx_unicode_literals
    Feature record: CXX_FEATURE:1cxx_uniform_initialization
    Feature record: CXX_FEATURE:1cxx_unrestricted_unions
    Feature record: CXX_FEATURE:1cxx_user_literals
    Feature record: CXX_FEATURE:1cxx_variable_templates
    Feature record: CXX_FEATURE:1cxx_variadic_macros
    Feature record: CXX_FEATURE:1cxx_variadic_templates


Detecting CXX [-std=c++11] compiler features compiled with the following output:
Change Dir: /Users/chaolee/AndroidStudio/KaraokePlayer/extensions/av1/.cxx/cmake/release/x86/CMakeFiles/CMakeTmp

Run Build Command:"/Users/chaolee/Library/Android/sdk/cmake/3.10.2.4988404/bin/ninja" "cmTC_dceed"
[1/2] Building CXX object CMakeFiles/cmTC_dceed.dir/feature_tests.cxx.o
[2/2] Linking CXX executable cmTC_dceed


    Feature record: CXX_FEATURE:0cxx_aggregate_default_initializers
    Feature record: CXX_FEATURE:1cxx_alias_templates
    Feature record: CXX_FEATURE:1cxx_alignas
    Feature record: CXX_FEATURE:1cxx_alignof
    Feature record: CXX_FEATURE:1cxx_attributes
    Feature record: CXX_FEATURE:0cxx_attribute_deprecated
    Feature record: CXX_FEATURE:1cxx_auto_type
    Feature record: CXX_FEATURE:0cxx_binary_literals
    Feature record: CXX_FEATURE:1cxx_constexpr
    Feature record: CXX_FEATURE:0cxx_contextual_conversions
    Feature record: CXX_FEATURE:1cxx_decltype
    Feature record: CXX_FEATURE:0cxx_decltype_auto
    Feature record: CXX_FEATURE:1cxx_decltype_incomplete_return_types
    Feature record: CXX_FEATURE:1cxx_default_function_template_args
    Feature record: CXX_FEATURE:1cxx_defaulted_functions
    Feature record: CXX_FEATURE:1cxx_defaulted_move_initializers
    Feature record: CXX_FEATURE:1cxx_delegating_constructors
    Feature record: CXX_FEATURE:1cxx_deleted_functions
    Feature record: CXX_FEATURE:0cxx_digit_separators
    Feature record: CXX_FEATURE:1cxx_enum_forward_declarations
    Feature record: CXX_FEATURE:1cxx_explicit_conversions
    Feature record: CXX_FEATURE:1cxx_extended_friend_declarations
    Feature record: CXX_FEATURE:1cxx_extern_templates
    Feature record: CXX_FEATURE:1cxx_final
    Feature record: CXX_FEATURE:1cxx_func_identifier
    Feature record: CXX_FEATURE:1cxx_generalized_initializers
    Feature record: CXX_FEATURE:0cxx_generic_lambdas
    Feature record: CXX_FEATURE:1cxx_inheriting_constructors
    Feature record: CXX_FEATURE:1cxx_inline_namespaces
    Feature record: CXX_FEATURE:1cxx_lambdas
    Feature record: CXX_FEATURE:0cxx_lambda_init_captures
    Feature record: CXX_FEATURE:1cxx_local_type_template_args
    Feature record: CXX_FEATURE:1cxx_long_long_type
    Feature record: CXX_FEATURE:1cxx_noexcept
    Feature record: CXX_FEATURE:1cxx_nonstatic_member_init
    Feature record: CXX_FEATURE:1cxx_nullptr
    Feature record: CXX_FEATURE:1cxx_override
    Feature record: CXX_FEATURE:1cxx_range_for
    Feature record: CXX_FEATURE:1cxx_raw_string_literals
    Feature record: CXX_FEATURE:1cxx_reference_qualified_functions
    Feature record: CXX_FEATURE:0cxx_relaxed_constexpr
    Feature record: CXX_FEATURE:0cxx_return_type_deduction
    Feature record: CXX_FEATURE:1cxx_right_angle_brackets
    Feature record: CXX_FEATURE:1cxx_rvalue_references
    Feature record: CXX_FEATURE:1cxx_sizeof_member
    Feature record: CXX_FEATURE:1cxx_static_assert
    Feature record: CXX_FEATURE:1cxx_strong_enums
    Feature record: CXX_FEATURE:1cxx_template_template_parameters
    Feature record: CXX_FEATURE:1cxx_thread_local
    Feature record: CXX_FEATURE:1cxx_trailing_return_types
    Feature record: CXX_FEATURE:1cxx_unicode_literals
    Feature record: CXX_FEATURE:1cxx_uniform_initialization
    Feature record: CXX_FEATURE:1cxx_unrestricted_unions
    Feature record: CXX_FEATURE:1cxx_user_literals
    Feature record: CXX_FEATURE:0cxx_variable_templates
    Feature record: CXX_FEATURE:1cxx_variadic_macros
    Feature record: CXX_FEATURE:1cxx_variadic_templates


Detecting CXX [-std=c++98] compiler features compiled with the following output:
Change Dir: /Users/chaolee/AndroidStudio/KaraokePlayer/extensions/av1/.cxx/cmake/release/x86/CMakeFiles/CMakeTmp

Run Build Command:"/Users/chaolee/Library/Android/sdk/cmake/3.10.2.4988404/bin/ninja" "cmTC_4a58c"
[1/2] Building CXX object CMakeFiles/cmTC_4a58c.dir/feature_tests.cxx.o
[2/2] Linking CXX executable cmTC_4a58c


    Feature record: CXX_FEATURE:0cxx_aggregate_default_initializers
    Feature record: CXX_FEATURE:0cxx_alias_templates
    Feature record: CXX_FEATURE:0cxx_alignas
    Feature record: CXX_FEATURE:0cxx_alignof
    Feature record: CXX_FEATURE:0cxx_attributes
    Feature record: CXX_FEATURE:0cxx_attribute_deprecated
    Feature record: CXX_FEATURE:0cxx_auto_type
    Feature record: CXX_FEATURE:0cxx_binary_literals
    Feature record: CXX_FEATURE:0cxx_constexpr
    Feature record: CXX_FEATURE:0cxx_contextual_conversions
    Feature record: CXX_FEATURE:0cxx_decltype
    Feature record: CXX_FEATURE:0cxx_decltype_auto
    Feature record: CXX_FEATURE:0cxx_decltype_incomplete_return_types
    Feature record: CXX_FEATURE:0cxx_default_function_template_args
    Feature record: CXX_FEATURE:0cxx_defaulted_functions
    Feature record: CXX_FEATURE:0cxx_defaulted_move_initializers
    Feature record: CXX_FEATURE:0cxx_delegating_constructors
    Feature record: CXX_FEATURE:0cxx_deleted_functions
    Feature record: CXX_FEATURE:0cxx_digit_separators
    Feature record: CXX_FEATURE:0cxx_enum_forward_declarations
    Feature record: CXX_FEATURE:0cxx_explicit_conversions
    Feature record: CXX_FEATURE:0cxx_extended_friend_declarations
    Feature record: CXX_FEATURE:0cxx_extern_templates
    Feature record: CXX_FEATURE:0cxx_final
    Feature record: CXX_FEATURE:0cxx_func_identifier
    Feature record: CXX_FEATURE:0cxx_generalized_initializers
    Feature record: CXX_FEATURE:0cxx_generic_lambdas
    Feature record: CXX_FEATURE:0cxx_inheriting_constructors
    Feature record: CXX_FEATURE:0cxx_inline_namespaces
    Feature record: CXX_FEATURE:0cxx_lambdas
    Feature record: CXX_FEATURE:0cxx_lambda_init_captures
    Feature record: CXX_FEATURE:0cxx_local_type_template_args
    Feature record: CXX_FEATURE:0cxx_long_long_type
    Feature record: CXX_FEATURE:0cxx_noexcept
    Feature record: CXX_FEATURE:0cxx_nonstatic_member_init
    Feature record: CXX_FEATURE:0cxx_nullptr
    Feature record: CXX_FEATURE:0cxx_override
    Feature record: CXX_FEATURE:0cxx_range_for
    Feature record: CXX_FEATURE:0cxx_raw_string_literals
    Feature record: CXX_FEATURE:0cxx_reference_qualified_functions
    Feature record: CXX_FEATURE:0cxx_relaxed_constexpr
    Feature record: CXX_FEATURE:0cxx_return_type_deduction
    Feature record: CXX_FEATURE:0cxx_right_angle_brackets
    Feature record: CXX_FEATURE:0cxx_rvalue_references
    Feature record: CXX_FEATURE:0cxx_sizeof_member
    Feature record: CXX_FEATURE:0cxx_static_assert
    Feature record: CXX_FEATURE:0cxx_strong_enums
    Feature record: CXX_FEATURE:1cxx_template_template_parameters
    Feature record: CXX_FEATURE:0cxx_thread_local
    Feature record: CXX_FEATURE:0cxx_trailing_return_types
    Feature record: CXX_FEATURE:0cxx_unicode_literals
    Feature record: CXX_FEATURE:0cxx_uniform_initialization
    Feature record: CXX_FEATURE:0cxx_unrestricted_unions
    Feature record: CXX_FEATURE:0cxx_user_literals
    Feature record: CXX_FEATURE:0cxx_variable_templates
    Feature record: CXX_FEATURE:0cxx_variadic_macros
    Feature record: CXX_FEATURE:0cxx_variadic_templates
Determining if the include file dlfcn.h exists passed with the following output:
Change Dir: /Users/chaolee/AndroidStudio/KaraokePlayer/extensions/av1/.cxx/cmake/release/x86/CMakeFiles/CMakeTmp

Run Build Command:"/Users/chaolee/Library/Android/sdk/cmake/3.10.2.4988404/bin/ninja" "cmTC_c3c93"
[1/2] Building C object CMakeFiles/cmTC_c3c93.dir/CheckIncludeFile.c.o
[2/2] Linking C executable cmTC_c3c93


Determining if the include file pthread.h exists passed with the following output:
Change Dir: /Users/chaolee/AndroidStudio/KaraokePlayer/extensions/av1/.cxx/cmake/release/x86/CMakeFiles/CMakeTmp

Run Build Command:"/Users/chaolee/Library/Android/sdk/cmake/3.10.2.4988404/bin/ninja" "cmTC_49ae5"
[1/2] Building C object CMakeFiles/cmTC_49ae5.dir/CheckIncludeFile.c.o
[2/2] Linking C executable cmTC_49ae5


Determining if the pthread_create exist passed with the following output:
Change Dir: /Users/chaolee/AndroidStudio/KaraokePlayer/extensions/av1/.cxx/cmake/release/x86/CMakeFiles/CMakeTmp

Run Build Command:"/Users/chaolee/Library/Android/sdk/cmake/3.10.2.4988404/bin/ninja" "cmTC_5d6ff"
[1/2] Building C object CMakeFiles/cmTC_5d6ff.dir/CheckSymbolExists.c.o
[2/2] Linking C executable cmTC_5d6ff

File /Users/chaolee/AndroidStudio/KaraokePlayer/extensions/av1/.cxx/cmake/release/x86/CMakeFiles/CMakeTmp/CheckSymbolExists.c:
/* */
#include <pthread.h>

int main(int argc, char** argv)
{
  (void)argv;
#ifndef pthread_create
  return ((int*)(&pthread_create))[argc];
#else
  (void)argc;
  return 0;
#endif
}

Performing C++ SOURCE FILE Test cxx_flag_test_passed succeeded with the following output:
Change Dir: /Users/chaolee/AndroidStudio/KaraokePlayer/extensions/av1/.cxx/cmake/release/x86/CMakeFiles/CMakeTmp

Run Build Command:"/Users/chaolee/Library/Android/sdk/cmake/3.10.2.4988404/bin/ninja" "cmTC_68177"
[1/2] Building CXX object CMakeFiles/cmTC_68177.dir/src.cxx.o
[2/2] Linking CXX executable cmTC_68177

Source file was:
int main() { return 0; }
Performing C++ SOURCE FILE Test cxx_flag_test_passed succeeded with the following output:
Change Dir: /Users/chaolee/AndroidStudio/KaraokePlayer/extensions/av1/.cxx/cmake/release/x86/CMakeFiles/CMakeTmp

Run Build Command:"/Users/chaolee/Library/Android/sdk/cmake/3.10.2.4988404/bin/ninja" "cmTC_0e1b7"
[1/2] Building CXX object CMakeFiles/cmTC_0e1b7.dir/src.cxx.o
[2/2] Linking CXX executable cmTC_0e1b7

Source file was:
int main() { return 0; }
Performing C++ SOURCE FILE Test cxx_flag_test_passed succeeded with the following output:
Change Dir: /Users/chaolee/AndroidStudio/KaraokePlayer/extensions/av1/.cxx/cmake/release/x86/CMakeFiles/CMakeTmp

Run Build Command:"/Users/chaolee/Library/Android/sdk/cmake/3.10.2.4988404/bin/ninja" "cmTC_bcdc5"
[1/2] Building CXX object CMakeFiles/cmTC_bcdc5.dir/src.cxx.o
[2/2] Linking CXX executable cmTC_bcdc5

Source file was:
int main() { return 0; }
Performing C++ SOURCE FILE Test cxx_flag_test_passed succeeded with the following output:
Change Dir: /Users/chaolee/AndroidStudio/KaraokePlayer/extensions/av1/.cxx/cmake/release/x86/CMakeFiles/CMakeTmp

Run Build Command:"/Users/chaolee/Library/Android/sdk/cmake/3.10.2.4988404/bin/ninja" "cmTC_e7aec"
[1/2] Building CXX object CMakeFiles/cmTC_e7aec.dir/src.cxx.o
[2/2] Linking CXX executable cmTC_e7aec

Source file was:
int main() { return 0; }
Performing C++ SOURCE FILE Test cxx_flag_test_passed succeeded with the following output:
Change Dir: /Users/chaolee/AndroidStudio/KaraokePlayer/extensions/av1/.cxx/cmake/release/x86/CMakeFiles/CMakeTmp

Run Build Command:"/Users/chaolee/Library/Android/sdk/cmake/3.10.2.4988404/bin/ninja" "cmTC_cb850"
[1/2] Building CXX object CMakeFiles/cmTC_cb850.dir/src.cxx.o
[2/2] Linking CXX executable cmTC_cb850

Source file was:
int main() { return 0; }
Performing C++ SOURCE FILE Test cxx_flag_test_passed succeeded with the following output:
Change Dir: /Users/chaolee/AndroidStudio/KaraokePlayer/extensions/av1/.cxx/cmake/release/x86/CMakeFiles/CMakeTmp

Run Build Command:"/Users/chaolee/Library/Android/sdk/cmake/3.10.2.4988404/bin/ninja" "cmTC_14f57"
[1/2] Building CXX object CMakeFiles/cmTC_14f57.dir/src.cxx.o
[2/2] Linking CXX executable cmTC_14f57

Source file was:
int main() { return 0; }
Performing C++ SOURCE FILE Test cxx_flag_test_passed succeeded with the following output:
Change Dir: /Users/chaolee/AndroidStudio/KaraokePlayer/extensions/av1/.cxx/cmake/release/x86/CMakeFiles/CMakeTmp

Run Build Command:"/Users/chaolee/Library/Android/sdk/cmake/3.10.2.4988404/bin/ninja" "cmTC_199df"
[1/2] Building CXX object CMakeFiles/cmTC_199df.dir/src.cxx.o
[2/2] Linking CXX executable cmTC_199df

Source file was:
int main() { return 0; }
Performing C++ SOURCE FILE Test cxx_flag_test_passed succeeded with the following output:
Change Dir: /Users/chaolee/AndroidStudio/KaraokePlayer/extensions/av1/.cxx/cmake/release/x86/CMakeFiles/CMakeTmp

Run Build Command:"/Users/chaolee/Library/Android/sdk/cmake/3.10.2.4988404/bin/ninja" "cmTC_42d68"
[1/2] Building CXX object CMakeFiles/cmTC_42d68.dir/src.cxx.o
[2/2] Linking CXX executable cmTC_42d68

Source file was:
int main() { return 0; }
Performing C++ SOURCE FILE Test cxx_flag_test_passed succeeded with the following output:
Change Dir: /Users/chaolee/AndroidStudio/KaraokePlayer/extensions/av1/.cxx/cmake/release/x86/CMakeFiles/CMakeTmp

Run Build Command:"/Users/chaolee/Library/Android/sdk/cmake/3.10.2.4988404/bin/ninja" "cmTC_815cc"
[1/2] Building CXX object CMakeFiles/cmTC_815cc.dir/src.cxx.o
[2/2] Linking CXX executable cmTC_815cc

Source file was:
int main() { return 0; }
